running egg_info
creating ../../build/ur3e_basics/ur3e_basics.egg-info
writing ../../build/ur3e_basics/ur3e_basics.egg-info/PKG-INFO
writing dependency_links to ../../build/ur3e_basics/ur3e_basics.egg-info/dependency_links.txt
writing entry points to ../../build/ur3e_basics/ur3e_basics.egg-info/entry_points.txt
writing requirements to ../../build/ur3e_basics/ur3e_basics.egg-info/requires.txt
writing top-level names to ../../build/ur3e_basics/ur3e_basics.egg-info/top_level.txt
writing manifest file '../../build/ur3e_basics/ur3e_basics.egg-info/SOURCES.txt'
reading manifest file '../../build/ur3e_basics/ur3e_basics.egg-info/SOURCES.txt'
writing manifest file '../../build/ur3e_basics/ur3e_basics.egg-info/SOURCES.txt'
running build
running build_py
creating /home/yide/ros2_tutorial_ws/build/ur3e_basics/build
creating /home/yide/ros2_tutorial_ws/build/ur3e_basics/build/lib
creating /home/yide/ros2_tutorial_ws/build/ur3e_basics/build/lib/ur3e_basics
copying ur3e_basics/__init__.py -> /home/yide/ros2_tutorial_ws/build/ur3e_basics/build/lib/ur3e_basics
copying ur3e_basics/joint_listener.py -> /home/yide/ros2_tutorial_ws/build/ur3e_basics/build/lib/ur3e_basics
running install
running install_lib
creating /home/yide/ros2_tutorial_ws/install/ur3e_basics/lib/python3.10/site-packages/ur3e_basics
copying /home/yide/ros2_tutorial_ws/build/ur3e_basics/build/lib/ur3e_basics/__init__.py -> /home/yide/ros2_tutorial_ws/install/ur3e_basics/lib/python3.10/site-packages/ur3e_basics
copying /home/yide/ros2_tutorial_ws/build/ur3e_basics/build/lib/ur3e_basics/joint_listener.py -> /home/yide/ros2_tutorial_ws/install/ur3e_basics/lib/python3.10/site-packages/ur3e_basics
byte-compiling /home/yide/ros2_tutorial_ws/install/ur3e_basics/lib/python3.10/site-packages/ur3e_basics/__init__.py to __init__.cpython-310.pyc
byte-compiling /home/yide/ros2_tutorial_ws/install/ur3e_basics/lib/python3.10/site-packages/ur3e_basics/joint_listener.py to joint_listener.cpython-310.pyc
running install_data
creating /home/yide/ros2_tutorial_ws/install/ur3e_basics/share/ament_index
creating /home/yide/ros2_tutorial_ws/install/ur3e_basics/share/ament_index/resource_index
creating /home/yide/ros2_tutorial_ws/install/ur3e_basics/share/ament_index/resource_index/packages
copying resource/ur3e_basics -> /home/yide/ros2_tutorial_ws/install/ur3e_basics/share/ament_index/resource_index/packages
copying package.xml -> /home/yide/ros2_tutorial_ws/install/ur3e_basics/share/ur3e_basics
running install_egg_info
Copying ../../build/ur3e_basics/ur3e_basics.egg-info to /home/yide/ros2_tutorial_ws/install/ur3e_basics/lib/python3.10/site-packages/ur3e_basics-0.0.0-py3.10.egg-info
running install_scripts
Installing joint_listener script to /home/yide/ros2_tutorial_ws/install/ur3e_basics/lib/ur3e_basics
writing list of installed files to '/home/yide/ros2_tutorial_ws/build/ur3e_basics/install.log'
