[0.365s] Invoking command in '/home/yide/ros2_tutorial_ws/src/ur3e_basics': PS1=\[\e]0;\u@\h: \w\a\]${debian_chroot:+($debian_chroot)}\[\033[01;32m\]\u@\h\[\033[00m\]:\[\033[01;34m\]\w\[\033[00m\]\$ PYTHONPATH=/home/yide/ros2_tutorial_ws/build/ur3e_basics/prefix_override:/usr/lib/python3/dist-packages/colcon_core/task/python/colcon_distutils_commands:/home/yide/ros2_tutorial_ws/install/ur3e_basics/lib/python3.10/site-packages:${PYTHONPATH} /usr/bin/python3 -W ignore:setup.py install is deprecated -W ignore:easy_install command is deprecated setup.py egg_info --egg-base ../../build/ur3e_basics build --build-base /home/yide/ros2_tutorial_ws/build/ur3e_basics/build install --record /home/yide/ros2_tutorial_ws/build/ur3e_basics/install.log --single-version-externally-managed install_data
[0.493s] running egg_info
[0.493s] creating ../../build/ur3e_basics/ur3e_basics.egg-info
[0.493s] writing ../../build/ur3e_basics/ur3e_basics.egg-info/PKG-INFO
[0.493s] writing dependency_links to ../../build/ur3e_basics/ur3e_basics.egg-info/dependency_links.txt
[0.493s] writing entry points to ../../build/ur3e_basics/ur3e_basics.egg-info/entry_points.txt
[0.493s] writing requirements to ../../build/ur3e_basics/ur3e_basics.egg-info/requires.txt
[0.493s] writing top-level names to ../../build/ur3e_basics/ur3e_basics.egg-info/top_level.txt
[0.493s] writing manifest file '../../build/ur3e_basics/ur3e_basics.egg-info/SOURCES.txt'
[0.494s] reading manifest file '../../build/ur3e_basics/ur3e_basics.egg-info/SOURCES.txt'
[0.495s] writing manifest file '../../build/ur3e_basics/ur3e_basics.egg-info/SOURCES.txt'
[0.495s] running build
[0.495s] running build_py
[0.495s] creating /home/yide/ros2_tutorial_ws/build/ur3e_basics/build
[0.495s] creating /home/yide/ros2_tutorial_ws/build/ur3e_basics/build/lib
[0.495s] creating /home/yide/ros2_tutorial_ws/build/ur3e_basics/build/lib/ur3e_basics
[0.495s] copying ur3e_basics/__init__.py -> /home/yide/ros2_tutorial_ws/build/ur3e_basics/build/lib/ur3e_basics
[0.495s] copying ur3e_basics/joint_listener.py -> /home/yide/ros2_tutorial_ws/build/ur3e_basics/build/lib/ur3e_basics
[0.495s] running install
[0.495s] running install_lib
[0.495s] creating /home/yide/ros2_tutorial_ws/install/ur3e_basics/lib/python3.10/site-packages/ur3e_basics
[0.495s] copying /home/yide/ros2_tutorial_ws/build/ur3e_basics/build/lib/ur3e_basics/__init__.py -> /home/yide/ros2_tutorial_ws/install/ur3e_basics/lib/python3.10/site-packages/ur3e_basics
[0.495s] copying /home/yide/ros2_tutorial_ws/build/ur3e_basics/build/lib/ur3e_basics/joint_listener.py -> /home/yide/ros2_tutorial_ws/install/ur3e_basics/lib/python3.10/site-packages/ur3e_basics
[0.496s] byte-compiling /home/yide/ros2_tutorial_ws/install/ur3e_basics/lib/python3.10/site-packages/ur3e_basics/__init__.py to __init__.cpython-310.pyc
[0.496s] byte-compiling /home/yide/ros2_tutorial_ws/install/ur3e_basics/lib/python3.10/site-packages/ur3e_basics/joint_listener.py to joint_listener.cpython-310.pyc
[0.496s] running install_data
[0.496s] creating /home/yide/ros2_tutorial_ws/install/ur3e_basics/share/ament_index
[0.496s] creating /home/yide/ros2_tutorial_ws/install/ur3e_basics/share/ament_index/resource_index
[0.496s] creating /home/yide/ros2_tutorial_ws/install/ur3e_basics/share/ament_index/resource_index/packages
[0.496s] copying resource/ur3e_basics -> /home/yide/ros2_tutorial_ws/install/ur3e_basics/share/ament_index/resource_index/packages
[0.496s] copying package.xml -> /home/yide/ros2_tutorial_ws/install/ur3e_basics/share/ur3e_basics
[0.496s] running install_egg_info
[0.497s] Copying ../../build/ur3e_basics/ur3e_basics.egg-info to /home/yide/ros2_tutorial_ws/install/ur3e_basics/lib/python3.10/site-packages/ur3e_basics-0.0.0-py3.10.egg-info
[0.497s] running install_scripts
[0.509s] Installing joint_listener script to /home/yide/ros2_tutorial_ws/install/ur3e_basics/lib/ur3e_basics
[0.509s] writing list of installed files to '/home/yide/ros2_tutorial_ws/build/ur3e_basics/install.log'
[0.521s] Invoked command in '/home/yide/ros2_tutorial_ws/src/ur3e_basics' returned '0': PS1=\[\e]0;\u@\h: \w\a\]${debian_chroot:+($debian_chroot)}\[\033[01;32m\]\u@\h\[\033[00m\]:\[\033[01;34m\]\w\[\033[00m\]\$ PYTHONPATH=/home/yide/ros2_tutorial_ws/build/ur3e_basics/prefix_override:/usr/lib/python3/dist-packages/colcon_core/task/python/colcon_distutils_commands:/home/yide/ros2_tutorial_ws/install/ur3e_basics/lib/python3.10/site-packages:${PYTHONPATH} /usr/bin/python3 -W ignore:setup.py install is deprecated -W ignore:easy_install command is deprecated setup.py egg_info --egg-base ../../build/ur3e_basics build --build-base /home/yide/ros2_tutorial_ws/build/ur3e_basics/build install --record /home/yide/ros2_tutorial_ws/build/ur3e_basics/install.log --single-version-externally-managed install_data
