[0.008s] Invoking command in '/home/yide/ros2_tutorial_ws/build/ur_robot_driver': AMENT_PREFIX_PATH=/home/yide/ros2_tutorial_ws/install/ur_controllers:/home/yide/ros2_tutorial_ws/install/ur_dashboard_msgs:${AMENT_PREFIX_PATH} CMAKE_PREFIX_PATH=/home/yide/ros2_tutorial_ws/install/ur_controllers:/home/yide/ros2_tutorial_ws/install/ur_dashboard_msgs:/home/yide/Workspace/robotics-vision-simulation/ros2_ws/install/ur:/home/yide/Workspace/robotics-vision-simulation/ros2_ws/install/ur_calibration:/home/yide/Workspace/robotics-vision-simulation/ros2_ws/install/ur_robot_driver:/home/yide/Workspace/robotics-vision-simulation/ros2_ws/install/ur_moveit_config:/home/yide/Workspace/robotics-vision-simulation/ros2_ws/install/ur_bringup:/home/yide/Workspace/robotics-vision-simulation/ros2_ws/install/ur_controllers:/home/yide/Workspace/robotics-vision-simulation/ros2_ws/install/ur_dashboard_msgs:/home/yide/Workspace/robotics-vision-simulation/ros2_ws/install/robotics_vision_sim:/opt/ros/humble LD_LIBRARY_PATH=/home/yide/ros2_tutorial_ws/install/ur_controllers/lib:/home/yide/ros2_tutorial_ws/install/ur_dashboard_msgs/lib:/usr/local/cuda/lib64:/usr/local/cuda-11.8/lib64:/home/yide/Workspace/robotics-vision-simulation/ros2_ws/install/ur_robot_driver/lib:/home/yide/Workspace/robotics-vision-simulation/ros2_ws/install/ur_controllers/lib:/home/yide/Workspace/robotics-vision-simulation/ros2_ws/install/ur_dashboard_msgs/lib:/usr/lib/x86_64-linux-gnu/gazebo-11/plugins:/opt/ros/humble/opt/rviz_ogre_vendor/lib:/opt/ros/humble/lib/x86_64-linux-gnu:/opt/ros/humble/lib:/usr/local/cuda-11.8/lib64 PS1=\[\e]0;\u@\h: \w\a\]${debian_chroot:+($debian_chroot)}\[\033[01;32m\]\u@\h\[\033[00m\]:\[\033[01;34m\]\w\[\033[00m\]\$ PYTHONPATH=/home/yide/ros2_tutorial_ws/install/ur_dashboard_msgs/local/lib/python3.10/dist-packages:${PYTHONPATH} /usr/bin/cmake /home/yide/ros2_tutorial_ws/src/Universal_Robots_ROS2_Driver/ur_robot_driver -DCMAKE_INSTALL_PREFIX=/home/yide/ros2_tutorial_ws/install/ur_robot_driver
[0.040s] -- The C compiler identification is GNU 11.4.0
[0.075s] -- The CXX compiler identification is GNU 11.4.0
[0.079s] -- Detecting C compiler ABI info
[0.123s] -- Detecting C compiler ABI info - done
[0.127s] -- Check for working C compiler: /usr/bin/cc - skipped
[0.127s] -- Detecting C compile features
[0.128s] -- Detecting C compile features - done
[0.129s] -- Detecting CXX compiler ABI info
[0.181s] -- Detecting CXX compiler ABI info - done
[0.186s] -- Check for working CXX compiler: /usr/bin/c++ - skipped
[0.186s] -- Detecting CXX compile features
[0.186s] -- Detecting CXX compile features - done
[0.187s] [0mur_robot_driver: You did not request a specific build type: selecting 'RelWithDebInfo'.[0m
[0.188s] -- Found ament_cmake: 1.3.12 (/opt/ros/humble/share/ament_cmake/cmake)
[0.288s] -- Found Python3: /usr/bin/python3 (found version "3.10.12") found components: Interpreter 
[0.355s] -- Found controller_manager: 2.53.0 (/opt/ros/humble/share/controller_manager/cmake)
[0.385s] -- Found rosidl_generator_c: 3.1.8 (/opt/ros/humble/share/rosidl_generator_c/cmake)
[0.388s] -- Found rosidl_adapter: 3.1.8 (/opt/ros/humble/share/rosidl_adapter/cmake)
[0.393s] -- Found rosidl_generator_cpp: 3.1.8 (/opt/ros/humble/share/rosidl_generator_cpp/cmake)
[0.400s] -- Using all available rosidl_typesupport_c: rosidl_typesupport_fastrtps_c;rosidl_typesupport_introspection_c
[0.410s] -- Using all available rosidl_typesupport_cpp: rosidl_typesupport_fastrtps_cpp;rosidl_typesupport_introspection_cpp
[0.525s] -- Found rmw_implementation_cmake: 6.1.2 (/opt/ros/humble/share/rmw_implementation_cmake/cmake)
[0.526s] -- Found rmw_fastrtps_cpp: 6.2.9 (/opt/ros/humble/share/rmw_fastrtps_cpp/cmake)
[0.542s] -- Found TinyXML2 via Config file: TinyXML2_DIR-NOTFOUND
[0.581s] -- Found OpenSSL: /usr/lib/x86_64-linux-gnu/libcrypto.so (found version "3.0.2")  
[0.583s] -- Found TinyXML2 via Config file: TinyXML2_DIR-NOTFOUND
[0.592s] -- Found FastRTPS: /opt/ros/humble/include  
[0.594s] -- Found TinyXML2 via Config file: TinyXML2_DIR-NOTFOUND
[0.599s] -- Found TinyXML2 via Config file: TinyXML2_DIR-NOTFOUND
[0.605s] -- Using RMW implementation 'rmw_fastrtps_cpp' as default
[0.610s] -- Looking for pthread.h
[0.678s] -- Looking for pthread.h - found
[0.678s] -- Performing Test CMAKE_HAVE_LIBC_PTHREAD
[0.744s] -- Performing Test CMAKE_HAVE_LIBC_PTHREAD - Success
[0.745s] -- Found Threads: TRUE  
[0.798s] -- Found rclpy: 3.3.19 (/opt/ros/humble/share/rclpy/cmake)
[0.799s] -- Found std_srvs: 4.9.0 (/opt/ros/humble/share/std_srvs/cmake)
[0.805s] -- Found tf2_geometry_msgs: 0.25.18 (/opt/ros/humble/share/tf2_geometry_msgs/cmake)
[0.813s] -- Found eigen3_cmake_module: 0.1.1 (/opt/ros/humble/share/eigen3_cmake_module/cmake)
[0.814s] -- Found Eigen3: TRUE (found version "3.4.0") 
[0.814s] -- Ensuring Eigen3 include directory is part of orocos-kdl CMake target
[0.849s] -- Found ur_dashboard_msgs: 2.12.0 (/home/yide/ros2_tutorial_ws/install/ur_dashboard_msgs/share/ur_dashboard_msgs/cmake)
[0.858s] -- Found ur_msgs: 2.3.0 (/opt/ros/humble/share/ur_msgs/cmake)
[0.975s] -- Found ur_controllers: 2.12.0 (/home/yide/ros2_tutorial_ws/install/ur_controllers/share/ur_controllers/cmake)
[1.029s] -- Found ur_description: 2.9.0 (/opt/ros/humble/share/ur_description/cmake)
[1.030s] -- Found launch_testing_ament_cmake: 1.0.13 (/opt/ros/humble/share/launch_testing_ament_cmake/cmake)
[1.031s] -- Found python_cmake_module: 0.10.0 (/opt/ros/humble/share/python_cmake_module/cmake)
[1.047s] -- Found PythonInterp: /usr/bin/python3 (found suitable version "3.10.12", minimum required is "3.6") 
[1.050s] -- Found PythonLibs: /usr/lib/x86_64-linux-gnu/libpython3.10.so (found suitable version "3.10.12", minimum required is "3.5") 
[1.050s] -- Using PYTHON_EXECUTABLE: /usr/bin/python3
[1.050s] -- Using PYTHON_INCLUDE_DIRS: /usr/include/python3.10
[1.050s] -- Using PYTHON_LIBRARIES: /usr/lib/x86_64-linux-gnu/libpython3.10.so
[1.064s] -- Found PythonExtra: .so  
[1.064s] -- Configuring done
[1.092s] -- Generating done
[1.103s] -- Build files have been written to: /home/yide/ros2_tutorial_ws/build/ur_robot_driver
[1.111s] Invoked command in '/home/yide/ros2_tutorial_ws/build/ur_robot_driver' returned '0': AMENT_PREFIX_PATH=/home/yide/ros2_tutorial_ws/install/ur_controllers:/home/yide/ros2_tutorial_ws/install/ur_dashboard_msgs:${AMENT_PREFIX_PATH} CMAKE_PREFIX_PATH=/home/yide/ros2_tutorial_ws/install/ur_controllers:/home/yide/ros2_tutorial_ws/install/ur_dashboard_msgs:/home/yide/Workspace/robotics-vision-simulation/ros2_ws/install/ur:/home/yide/Workspace/robotics-vision-simulation/ros2_ws/install/ur_calibration:/home/yide/Workspace/robotics-vision-simulation/ros2_ws/install/ur_robot_driver:/home/yide/Workspace/robotics-vision-simulation/ros2_ws/install/ur_moveit_config:/home/yide/Workspace/robotics-vision-simulation/ros2_ws/install/ur_bringup:/home/yide/Workspace/robotics-vision-simulation/ros2_ws/install/ur_controllers:/home/yide/Workspace/robotics-vision-simulation/ros2_ws/install/ur_dashboard_msgs:/home/yide/Workspace/robotics-vision-simulation/ros2_ws/install/robotics_vision_sim:/opt/ros/humble LD_LIBRARY_PATH=/home/yide/ros2_tutorial_ws/install/ur_controllers/lib:/home/yide/ros2_tutorial_ws/install/ur_dashboard_msgs/lib:/usr/local/cuda/lib64:/usr/local/cuda-11.8/lib64:/home/yide/Workspace/robotics-vision-simulation/ros2_ws/install/ur_robot_driver/lib:/home/yide/Workspace/robotics-vision-simulation/ros2_ws/install/ur_controllers/lib:/home/yide/Workspace/robotics-vision-simulation/ros2_ws/install/ur_dashboard_msgs/lib:/usr/lib/x86_64-linux-gnu/gazebo-11/plugins:/opt/ros/humble/opt/rviz_ogre_vendor/lib:/opt/ros/humble/lib/x86_64-linux-gnu:/opt/ros/humble/lib:/usr/local/cuda-11.8/lib64 PS1=\[\e]0;\u@\h: \w\a\]${debian_chroot:+($debian_chroot)}\[\033[01;32m\]\u@\h\[\033[00m\]:\[\033[01;34m\]\w\[\033[00m\]\$ PYTHONPATH=/home/yide/ros2_tutorial_ws/install/ur_dashboard_msgs/local/lib/python3.10/dist-packages:${PYTHONPATH} /usr/bin/cmake /home/yide/ros2_tutorial_ws/src/Universal_Robots_ROS2_Driver/ur_robot_driver -DCMAKE_INSTALL_PREFIX=/home/yide/ros2_tutorial_ws/install/ur_robot_driver
[1.112s] Invoking command in '/home/yide/ros2_tutorial_ws/build/ur_robot_driver': AMENT_PREFIX_PATH=/home/yide/ros2_tutorial_ws/install/ur_controllers:/home/yide/ros2_tutorial_ws/install/ur_dashboard_msgs:${AMENT_PREFIX_PATH} CMAKE_PREFIX_PATH=/home/yide/ros2_tutorial_ws/install/ur_controllers:/home/yide/ros2_tutorial_ws/install/ur_dashboard_msgs:/home/yide/Workspace/robotics-vision-simulation/ros2_ws/install/ur:/home/yide/Workspace/robotics-vision-simulation/ros2_ws/install/ur_calibration:/home/yide/Workspace/robotics-vision-simulation/ros2_ws/install/ur_robot_driver:/home/yide/Workspace/robotics-vision-simulation/ros2_ws/install/ur_moveit_config:/home/yide/Workspace/robotics-vision-simulation/ros2_ws/install/ur_bringup:/home/yide/Workspace/robotics-vision-simulation/ros2_ws/install/ur_controllers:/home/yide/Workspace/robotics-vision-simulation/ros2_ws/install/ur_dashboard_msgs:/home/yide/Workspace/robotics-vision-simulation/ros2_ws/install/robotics_vision_sim:/opt/ros/humble LD_LIBRARY_PATH=/home/yide/ros2_tutorial_ws/install/ur_controllers/lib:/home/yide/ros2_tutorial_ws/install/ur_dashboard_msgs/lib:/usr/local/cuda/lib64:/usr/local/cuda-11.8/lib64:/home/yide/Workspace/robotics-vision-simulation/ros2_ws/install/ur_robot_driver/lib:/home/yide/Workspace/robotics-vision-simulation/ros2_ws/install/ur_controllers/lib:/home/yide/Workspace/robotics-vision-simulation/ros2_ws/install/ur_dashboard_msgs/lib:/usr/lib/x86_64-linux-gnu/gazebo-11/plugins:/opt/ros/humble/opt/rviz_ogre_vendor/lib:/opt/ros/humble/lib/x86_64-linux-gnu:/opt/ros/humble/lib:/usr/local/cuda-11.8/lib64 PS1=\[\e]0;\u@\h: \w\a\]${debian_chroot:+($debian_chroot)}\[\033[01;32m\]\u@\h\[\033[00m\]:\[\033[01;34m\]\w\[\033[00m\]\$ PYTHONPATH=/home/yide/ros2_tutorial_ws/install/ur_dashboard_msgs/local/lib/python3.10/dist-packages:${PYTHONPATH} /usr/bin/cmake --build /home/yide/ros2_tutorial_ws/build/ur_robot_driver -- -j16 -l16
[1.147s] [  4%] [32mBuilding CXX object CMakeFiles/ur_robot_driver_plugin.dir/src/dashboard_client_ros.cpp.o[0m
[1.147s] [  9%] [32mBuilding CXX object CMakeFiles/ur_ros2_control_node.dir/src/ur_ros2_control_node.cpp.o[0m
[1.147s] [ 18%] [32mBuilding CXX object CMakeFiles/ur_robot_driver_plugin.dir/src/hardware_interface.cpp.o[0m
[1.147s] [ 18%] [32mBuilding CXX object CMakeFiles/controller_stopper_node.dir/src/controller_stopper.cpp.o[0m
[1.148s] [ 22%] [32mBuilding CXX object CMakeFiles/robot_state_helper.dir/src/robot_state_helper.cpp.o[0m
[1.148s] [ 27%] [32mBuilding CXX object CMakeFiles/ur_robot_driver_plugin.dir/src/urcl_log_handler.cpp.o[0m
[1.148s] [ 31%] [32mBuilding CXX object CMakeFiles/controller_stopper_node.dir/src/controller_stopper_node.cpp.o[0m
[1.148s] [ 36%] [32mBuilding CXX object CMakeFiles/robot_state_helper.dir/src/robot_state_helper_node.cpp.o[0m
[1.148s] [ 40%] [32mBuilding CXX object CMakeFiles/dashboard_client.dir/src/urcl_log_handler.cpp.o[0m
[1.148s] [ 50%] [32mBuilding CXX object CMakeFiles/dashboard_client.dir/src/dashboard_client_ros.cpp.o[0m
[1.149s] [ 54%] [32mBuilding CXX object CMakeFiles/ur_robot_driver_plugin.dir/src/robot_state_helper.cpp.o[0m
[1.149s] [ 50%] [32mBuilding CXX object CMakeFiles/robot_state_helper.dir/src/urcl_log_handler.cpp.o[0m
[1.150s] [ 59%] [32mBuilding CXX object CMakeFiles/dashboard_client.dir/src/dashboard_client_node.cpp.o[0m
[1.150s] [ 63%] [32mBuilding CXX object CMakeFiles/trajectory_until_node.dir/src/trajectory_until_node.cpp.o[0m
[1.154s] [ 63%] Built target ament_cmake_python_copy_ur_robot_driver
[1.154s] [ 68%] [32mBuilding CXX object CMakeFiles/urscript_interface.dir/src/urscript_interface.cpp.o[0m
[1.411s] running egg_info
[1.412s] creating ur_robot_driver.egg-info
[1.412s] writing ur_robot_driver.egg-info/PKG-INFO
[1.412s] writing dependency_links to ur_robot_driver.egg-info/dependency_links.txt
[1.413s] writing top-level names to ur_robot_driver.egg-info/top_level.txt
[1.413s] writing manifest file 'ur_robot_driver.egg-info/SOURCES.txt'
[1.415s] reading manifest file 'ur_robot_driver.egg-info/SOURCES.txt'
[1.416s] writing manifest file 'ur_robot_driver.egg-info/SOURCES.txt'
[1.449s] [ 68%] Built target ament_cmake_python_build_ur_robot_driver_egg
[4.943s] [ 72%] [32m[1mLinking CXX executable ur_ros2_control_node[0m
[5.105s] [ 72%] Built target ur_ros2_control_node
[12.692s] [ 77%] [32m[1mLinking CXX executable trajectory_until_node[0m
[12.881s] [ 77%] Built target trajectory_until_node
[13.777s] [ 81%] [32m[1mLinking CXX executable controller_stopper_node[0m
[13.986s] [ 81%] Built target controller_stopper_node
[14.476s] [ 86%] [32m[1mLinking CXX executable urscript_interface[0m
[14.663s] [ 86%] Built target urscript_interface
[15.916s] [ 90%] [32m[1mLinking CXX executable dashboard_client[0m
[16.145s] [ 90%] Built target dashboard_client
[19.105s] [ 95%] [32m[1mLinking CXX shared library libur_robot_driver_plugin.so[0m
[19.542s] [ 95%] Built target ur_robot_driver_plugin
[20.178s] [100%] [32m[1mLinking CXX executable robot_state_helper[0m
[20.463s] [100%] Built target robot_state_helper
[20.472s] Invoked command in '/home/yide/ros2_tutorial_ws/build/ur_robot_driver' returned '0': AMENT_PREFIX_PATH=/home/yide/ros2_tutorial_ws/install/ur_controllers:/home/yide/ros2_tutorial_ws/install/ur_dashboard_msgs:${AMENT_PREFIX_PATH} CMAKE_PREFIX_PATH=/home/yide/ros2_tutorial_ws/install/ur_controllers:/home/yide/ros2_tutorial_ws/install/ur_dashboard_msgs:/home/yide/Workspace/robotics-vision-simulation/ros2_ws/install/ur:/home/yide/Workspace/robotics-vision-simulation/ros2_ws/install/ur_calibration:/home/yide/Workspace/robotics-vision-simulation/ros2_ws/install/ur_robot_driver:/home/yide/Workspace/robotics-vision-simulation/ros2_ws/install/ur_moveit_config:/home/yide/Workspace/robotics-vision-simulation/ros2_ws/install/ur_bringup:/home/yide/Workspace/robotics-vision-simulation/ros2_ws/install/ur_controllers:/home/yide/Workspace/robotics-vision-simulation/ros2_ws/install/ur_dashboard_msgs:/home/yide/Workspace/robotics-vision-simulation/ros2_ws/install/robotics_vision_sim:/opt/ros/humble LD_LIBRARY_PATH=/home/yide/ros2_tutorial_ws/install/ur_controllers/lib:/home/yide/ros2_tutorial_ws/install/ur_dashboard_msgs/lib:/usr/local/cuda/lib64:/usr/local/cuda-11.8/lib64:/home/yide/Workspace/robotics-vision-simulation/ros2_ws/install/ur_robot_driver/lib:/home/yide/Workspace/robotics-vision-simulation/ros2_ws/install/ur_controllers/lib:/home/yide/Workspace/robotics-vision-simulation/ros2_ws/install/ur_dashboard_msgs/lib:/usr/lib/x86_64-linux-gnu/gazebo-11/plugins:/opt/ros/humble/opt/rviz_ogre_vendor/lib:/opt/ros/humble/lib/x86_64-linux-gnu:/opt/ros/humble/lib:/usr/local/cuda-11.8/lib64 PS1=\[\e]0;\u@\h: \w\a\]${debian_chroot:+($debian_chroot)}\[\033[01;32m\]\u@\h\[\033[00m\]:\[\033[01;34m\]\w\[\033[00m\]\$ PYTHONPATH=/home/yide/ros2_tutorial_ws/install/ur_dashboard_msgs/local/lib/python3.10/dist-packages:${PYTHONPATH} /usr/bin/cmake --build /home/yide/ros2_tutorial_ws/build/ur_robot_driver -- -j16 -l16
[20.473s] Invoking command in '/home/yide/ros2_tutorial_ws/build/ur_robot_driver': AMENT_PREFIX_PATH=/home/yide/ros2_tutorial_ws/install/ur_controllers:/home/yide/ros2_tutorial_ws/install/ur_dashboard_msgs:${AMENT_PREFIX_PATH} CMAKE_PREFIX_PATH=/home/yide/ros2_tutorial_ws/install/ur_controllers:/home/yide/ros2_tutorial_ws/install/ur_dashboard_msgs:/home/yide/Workspace/robotics-vision-simulation/ros2_ws/install/ur:/home/yide/Workspace/robotics-vision-simulation/ros2_ws/install/ur_calibration:/home/yide/Workspace/robotics-vision-simulation/ros2_ws/install/ur_robot_driver:/home/yide/Workspace/robotics-vision-simulation/ros2_ws/install/ur_moveit_config:/home/yide/Workspace/robotics-vision-simulation/ros2_ws/install/ur_bringup:/home/yide/Workspace/robotics-vision-simulation/ros2_ws/install/ur_controllers:/home/yide/Workspace/robotics-vision-simulation/ros2_ws/install/ur_dashboard_msgs:/home/yide/Workspace/robotics-vision-simulation/ros2_ws/install/robotics_vision_sim:/opt/ros/humble LD_LIBRARY_PATH=/home/yide/ros2_tutorial_ws/install/ur_controllers/lib:/home/yide/ros2_tutorial_ws/install/ur_dashboard_msgs/lib:/usr/local/cuda/lib64:/usr/local/cuda-11.8/lib64:/home/yide/Workspace/robotics-vision-simulation/ros2_ws/install/ur_robot_driver/lib:/home/yide/Workspace/robotics-vision-simulation/ros2_ws/install/ur_controllers/lib:/home/yide/Workspace/robotics-vision-simulation/ros2_ws/install/ur_dashboard_msgs/lib:/usr/lib/x86_64-linux-gnu/gazebo-11/plugins:/opt/ros/humble/opt/rviz_ogre_vendor/lib:/opt/ros/humble/lib/x86_64-linux-gnu:/opt/ros/humble/lib:/usr/local/cuda-11.8/lib64 PS1=\[\e]0;\u@\h: \w\a\]${debian_chroot:+($debian_chroot)}\[\033[01;32m\]\u@\h\[\033[00m\]:\[\033[01;34m\]\w\[\033[00m\]\$ PYTHONPATH=/home/yide/ros2_tutorial_ws/install/ur_dashboard_msgs/local/lib/python3.10/dist-packages:${PYTHONPATH} /usr/bin/cmake --install /home/yide/ros2_tutorial_ws/build/ur_robot_driver
[20.477s] -- Install configuration: "RelWithDebInfo"
[20.477s] -- Installing: /home/yide/ros2_tutorial_ws/install/ur_robot_driver/share/ur_robot_driver/hardware_interface_plugin.xml
[20.477s] -- Installing: /home/yide/ros2_tutorial_ws/install/ur_robot_driver/lib/ur_robot_driver/controller_stopper_node
[20.484s] -- Set runtime path of "/home/yide/ros2_tutorial_ws/install/ur_robot_driver/lib/ur_robot_driver/controller_stopper_node" to ""
[20.484s] -- Installing: /home/yide/ros2_tutorial_ws/install/ur_robot_driver/lib/ur_robot_driver/dashboard_client
[20.490s] -- Set runtime path of "/home/yide/ros2_tutorial_ws/install/ur_robot_driver/lib/ur_robot_driver/dashboard_client" to ""
[20.490s] -- Installing: /home/yide/ros2_tutorial_ws/install/ur_robot_driver/lib/ur_robot_driver/robot_state_helper
[20.502s] -- Set runtime path of "/home/yide/ros2_tutorial_ws/install/ur_robot_driver/lib/ur_robot_driver/robot_state_helper" to ""
[20.502s] -- Installing: /home/yide/ros2_tutorial_ws/install/ur_robot_driver/lib/ur_robot_driver/trajectory_until_node
[20.505s] -- Set runtime path of "/home/yide/ros2_tutorial_ws/install/ur_robot_driver/lib/ur_robot_driver/trajectory_until_node" to ""
[20.505s] -- Installing: /home/yide/ros2_tutorial_ws/install/ur_robot_driver/lib/ur_robot_driver/ur_ros2_control_node
[20.505s] -- Set runtime path of "/home/yide/ros2_tutorial_ws/install/ur_robot_driver/lib/ur_robot_driver/ur_ros2_control_node" to ""
[20.505s] -- Installing: /home/yide/ros2_tutorial_ws/install/ur_robot_driver/lib/ur_robot_driver/urscript_interface
[20.510s] -- Set runtime path of "/home/yide/ros2_tutorial_ws/install/ur_robot_driver/lib/ur_robot_driver/urscript_interface" to ""
[20.510s] -- Installing: /home/yide/ros2_tutorial_ws/install/ur_robot_driver/lib/libur_robot_driver_plugin.so
[20.531s] -- Set runtime path of "/home/yide/ros2_tutorial_ws/install/ur_robot_driver/lib/libur_robot_driver_plugin.so" to ""
[20.531s] -- Installing: /home/yide/ros2_tutorial_ws/install/ur_robot_driver/include
[20.531s] -- Installing: /home/yide/ros2_tutorial_ws/install/ur_robot_driver/include/ur_robot_driver
[20.531s] -- Installing: /home/yide/ros2_tutorial_ws/install/ur_robot_driver/include/ur_robot_driver/trajectory_until_node.hpp
[20.531s] -- Installing: /home/yide/ros2_tutorial_ws/install/ur_robot_driver/include/ur_robot_driver/controller_stopper.hpp
[20.531s] -- Installing: /home/yide/ros2_tutorial_ws/install/ur_robot_driver/include/ur_robot_driver/robot_state_helper.hpp
[20.531s] -- Installing: /home/yide/ros2_tutorial_ws/install/ur_robot_driver/include/ur_robot_driver/hardware_interface.hpp
[20.531s] -- Installing: /home/yide/ros2_tutorial_ws/install/ur_robot_driver/include/ur_robot_driver/dashboard_client_ros.hpp
[20.531s] -- Installing: /home/yide/ros2_tutorial_ws/install/ur_robot_driver/include/ur_robot_driver/urcl_log_handler.hpp
[20.531s] -- Installing: /home/yide/ros2_tutorial_ws/install/ur_robot_driver/share/ur_robot_driver/environment/library_path.sh
[20.531s] -- Installing: /home/yide/ros2_tutorial_ws/install/ur_robot_driver/share/ur_robot_driver/environment/library_path.dsv
[20.531s] -- Installing: /home/yide/ros2_tutorial_ws/install/ur_robot_driver/share/ur_robot_driver/resources
[20.531s] -- Installing: /home/yide/ros2_tutorial_ws/install/ur_robot_driver/share/ur_robot_driver/resources/rtde_input_recipe.txt
[20.531s] -- Installing: /home/yide/ros2_tutorial_ws/install/ur_robot_driver/share/ur_robot_driver/resources/rs485-1.0.urcap
[20.531s] -- Installing: /home/yide/ros2_tutorial_ws/install/ur_robot_driver/share/ur_robot_driver/resources/externalcontrol-1.0.5.urcap
[20.531s] -- Installing: /home/yide/ros2_tutorial_ws/install/ur_robot_driver/share/ur_robot_driver/resources/ros_control.urscript
[20.531s] -- Installing: /home/yide/ros2_tutorial_ws/install/ur_robot_driver/share/ur_robot_driver/resources/rtde_output_recipe.txt
[20.532s] -- Up-to-date: /home/yide/ros2_tutorial_ws/install/ur_robot_driver/include
[20.532s] -- Up-to-date: /home/yide/ros2_tutorial_ws/install/ur_robot_driver/include/ur_robot_driver
[20.532s] -- Up-to-date: /home/yide/ros2_tutorial_ws/install/ur_robot_driver/include/ur_robot_driver/trajectory_until_node.hpp
[20.532s] -- Up-to-date: /home/yide/ros2_tutorial_ws/install/ur_robot_driver/include/ur_robot_driver/controller_stopper.hpp
[20.532s] -- Up-to-date: /home/yide/ros2_tutorial_ws/install/ur_robot_driver/include/ur_robot_driver/robot_state_helper.hpp
[20.532s] -- Up-to-date: /home/yide/ros2_tutorial_ws/install/ur_robot_driver/include/ur_robot_driver/hardware_interface.hpp
[20.532s] -- Up-to-date: /home/yide/ros2_tutorial_ws/install/ur_robot_driver/include/ur_robot_driver/dashboard_client_ros.hpp
[20.532s] -- Up-to-date: /home/yide/ros2_tutorial_ws/install/ur_robot_driver/include/ur_robot_driver/urcl_log_handler.hpp
[20.532s] -- Installing: /home/yide/ros2_tutorial_ws/install/ur_robot_driver/share/ur_robot_driver/environment/pythonpath.sh
[20.532s] -- Installing: /home/yide/ros2_tutorial_ws/install/ur_robot_driver/share/ur_robot_driver/environment/pythonpath.dsv
[20.532s] -- Installing: /home/yide/ros2_tutorial_ws/install/ur_robot_driver/local/lib/python3.10/dist-packages/ur_robot_driver-2.12.0-py3.10.egg-info
[20.532s] -- Installing: /home/yide/ros2_tutorial_ws/install/ur_robot_driver/local/lib/python3.10/dist-packages/ur_robot_driver-2.12.0-py3.10.egg-info/dependency_links.txt
[20.532s] -- Installing: /home/yide/ros2_tutorial_ws/install/ur_robot_driver/local/lib/python3.10/dist-packages/ur_robot_driver-2.12.0-py3.10.egg-info/PKG-INFO
[20.532s] -- Installing: /home/yide/ros2_tutorial_ws/install/ur_robot_driver/local/lib/python3.10/dist-packages/ur_robot_driver-2.12.0-py3.10.egg-info/top_level.txt
[20.532s] -- Installing: /home/yide/ros2_tutorial_ws/install/ur_robot_driver/local/lib/python3.10/dist-packages/ur_robot_driver-2.12.0-py3.10.egg-info/SOURCES.txt
[20.532s] -- Installing: /home/yide/ros2_tutorial_ws/install/ur_robot_driver/local/lib/python3.10/dist-packages/ur_robot_driver
[20.532s] -- Installing: /home/yide/ros2_tutorial_ws/install/ur_robot_driver/local/lib/python3.10/dist-packages/ur_robot_driver/__init__.py
[20.552s] Listing '/home/yide/ros2_tutorial_ws/install/ur_robot_driver/local/lib/python3.10/dist-packages/ur_robot_driver'...
[20.552s] Compiling '/home/yide/ros2_tutorial_ws/install/ur_robot_driver/local/lib/python3.10/dist-packages/ur_robot_driver/__init__.py'...
[20.554s] -- Installing: /home/yide/ros2_tutorial_ws/install/ur_robot_driver/lib/ur_robot_driver/tool_communication.py
[20.554s] -- Installing: /home/yide/ros2_tutorial_ws/install/ur_robot_driver/lib/ur_robot_driver/example_move.py
[20.554s] -- Installing: /home/yide/ros2_tutorial_ws/install/ur_robot_driver/lib/ur_robot_driver/start_ursim.sh
[20.554s] -- Installing: /home/yide/ros2_tutorial_ws/install/ur_robot_driver/lib/ur_robot_driver/examples.py
[20.554s] -- Installing: /home/yide/ros2_tutorial_ws/install/ur_robot_driver/lib/ur_robot_driver/force_mode.py
[20.554s] -- Installing: /home/yide/ros2_tutorial_ws/install/ur_robot_driver/lib/ur_robot_driver/move_until_example.py
[20.554s] -- Installing: /home/yide/ros2_tutorial_ws/install/ur_robot_driver/bin/wait_dashboard_server.sh
[20.554s] -- Up-to-date: /home/yide/ros2_tutorial_ws/install/ur_robot_driver/lib/ur_robot_driver/start_ursim.sh
[20.555s] -- Installing: /home/yide/ros2_tutorial_ws/install/ur_robot_driver/share/ur_robot_driver/config
[20.555s] -- Installing: /home/yide/ros2_tutorial_ws/install/ur_robot_driver/share/ur_robot_driver/config/ur16e_update_rate.yaml
[20.555s] -- Installing: /home/yide/ros2_tutorial_ws/install/ur_robot_driver/share/ur_robot_driver/config/ur10e_update_rate.yaml
[20.555s] -- Installing: /home/yide/ros2_tutorial_ws/install/ur_robot_driver/share/ur_robot_driver/config/ur12e_update_rate.yaml
[20.555s] -- Installing: /home/yide/ros2_tutorial_ws/install/ur_robot_driver/share/ur_robot_driver/config/ur8long_update_rate.yaml
[20.555s] -- Installing: /home/yide/ros2_tutorial_ws/install/ur_robot_driver/share/ur_robot_driver/config/ur15_update_rate.yaml
[20.555s] -- Installing: /home/yide/ros2_tutorial_ws/install/ur_robot_driver/share/ur_robot_driver/config/ur30_update_rate.yaml
[20.555s] -- Installing: /home/yide/ros2_tutorial_ws/install/ur_robot_driver/share/ur_robot_driver/config/ur5_update_rate.yaml
[20.555s] -- Installing: /home/yide/ros2_tutorial_ws/install/ur_robot_driver/share/ur_robot_driver/config/ur7e_update_rate.yaml
[20.555s] -- Installing: /home/yide/ros2_tutorial_ws/install/ur_robot_driver/share/ur_robot_driver/config/test_velocity_goal_publishers_config.yaml
[20.555s] -- Installing: /home/yide/ros2_tutorial_ws/install/ur_robot_driver/share/ur_robot_driver/config/ur20_update_rate.yaml
[20.555s] -- Installing: /home/yide/ros2_tutorial_ws/install/ur_robot_driver/share/ur_robot_driver/config/ur3_update_rate.yaml
[20.555s] -- Installing: /home/yide/ros2_tutorial_ws/install/ur_robot_driver/share/ur_robot_driver/config/ur_controllers.yaml
[20.555s] -- Installing: /home/yide/ros2_tutorial_ws/install/ur_robot_driver/share/ur_robot_driver/config/ur5e_update_rate.yaml
[20.555s] -- Installing: /home/yide/ros2_tutorial_ws/install/ur_robot_driver/share/ur_robot_driver/config/ur3e_update_rate.yaml
[20.555s] -- Installing: /home/yide/ros2_tutorial_ws/install/ur_robot_driver/share/ur_robot_driver/config/test_goal_publishers_config.yaml
[20.555s] -- Installing: /home/yide/ros2_tutorial_ws/install/ur_robot_driver/share/ur_robot_driver/config/ur10_update_rate.yaml
[20.555s] -- Installing: /home/yide/ros2_tutorial_ws/install/ur_robot_driver/share/ur_robot_driver/config/ur18_update_rate.yaml
[20.555s] -- Installing: /home/yide/ros2_tutorial_ws/install/ur_robot_driver/share/ur_robot_driver/launch
[20.555s] -- Installing: /home/yide/ros2_tutorial_ws/install/ur_robot_driver/share/ur_robot_driver/launch/test_joint_trajectory_controller.launch.py
[20.555s] -- Installing: /home/yide/ros2_tutorial_ws/install/ur_robot_driver/share/ur_robot_driver/launch/ur10.launch.py
[20.555s] -- Installing: /home/yide/ros2_tutorial_ws/install/ur_robot_driver/share/ur_robot_driver/launch/ur16e.launch.py
[20.555s] -- Installing: /home/yide/ros2_tutorial_ws/install/ur_robot_driver/share/ur_robot_driver/launch/ur7e.launch.py
[20.555s] -- Installing: /home/yide/ros2_tutorial_ws/install/ur_robot_driver/share/ur_robot_driver/launch/test_scaled_joint_trajectory_controller.launch.py
[20.555s] -- Installing: /home/yide/ros2_tutorial_ws/install/ur_robot_driver/share/ur_robot_driver/launch/ur5e.launch.py
[20.555s] -- Installing: /home/yide/ros2_tutorial_ws/install/ur_robot_driver/share/ur_robot_driver/launch/test_forward_velocity_controller.launch.py
[20.555s] -- Installing: /home/yide/ros2_tutorial_ws/install/ur_robot_driver/share/ur_robot_driver/launch/ur18.launch.py
[20.556s] -- Installing: /home/yide/ros2_tutorial_ws/install/ur_robot_driver/share/ur_robot_driver/launch/ur5.launch.py
[20.556s] -- Installing: /home/yide/ros2_tutorial_ws/install/ur_robot_driver/share/ur_robot_driver/launch/ur3.launch.py
[20.556s] -- Installing: /home/yide/ros2_tutorial_ws/install/ur_robot_driver/share/ur_robot_driver/launch/ur_control.launch.py
[20.556s] -- Installing: /home/yide/ros2_tutorial_ws/install/ur_robot_driver/share/ur_robot_driver/launch/ur15.launch.py
[20.556s] -- Installing: /home/yide/ros2_tutorial_ws/install/ur_robot_driver/share/ur_robot_driver/launch/ur_dashboard_client.launch.py
[20.556s] -- Installing: /home/yide/ros2_tutorial_ws/install/ur_robot_driver/share/ur_robot_driver/launch/ur30.launch.py
[20.556s] -- Installing: /home/yide/ros2_tutorial_ws/install/ur_robot_driver/share/ur_robot_driver/launch/ur12e.launch.py
[20.556s] -- Installing: /home/yide/ros2_tutorial_ws/install/ur_robot_driver/share/ur_robot_driver/launch/ur3e.launch.py
[20.556s] -- Installing: /home/yide/ros2_tutorial_ws/install/ur_robot_driver/share/ur_robot_driver/launch/ur8long.launch.py
[20.556s] -- Installing: /home/yide/ros2_tutorial_ws/install/ur_robot_driver/share/ur_robot_driver/launch/ur20.launch.py
[20.556s] -- Installing: /home/yide/ros2_tutorial_ws/install/ur_robot_driver/share/ur_robot_driver/launch/ur10e.launch.py
[20.556s] -- Installing: /home/yide/ros2_tutorial_ws/install/ur_robot_driver/share/ament_index/resource_index/package_run_dependencies/ur_robot_driver
[20.556s] -- Installing: /home/yide/ros2_tutorial_ws/install/ur_robot_driver/share/ament_index/resource_index/parent_prefix_path/ur_robot_driver
[20.556s] -- Installing: /home/yide/ros2_tutorial_ws/install/ur_robot_driver/share/ur_robot_driver/environment/ament_prefix_path.sh
[20.556s] -- Installing: /home/yide/ros2_tutorial_ws/install/ur_robot_driver/share/ur_robot_driver/environment/ament_prefix_path.dsv
[20.556s] -- Installing: /home/yide/ros2_tutorial_ws/install/ur_robot_driver/share/ur_robot_driver/environment/path.sh
[20.556s] -- Installing: /home/yide/ros2_tutorial_ws/install/ur_robot_driver/share/ur_robot_driver/environment/path.dsv
[20.556s] -- Installing: /home/yide/ros2_tutorial_ws/install/ur_robot_driver/share/ur_robot_driver/local_setup.bash
[20.556s] -- Installing: /home/yide/ros2_tutorial_ws/install/ur_robot_driver/share/ur_robot_driver/local_setup.sh
[20.556s] -- Installing: /home/yide/ros2_tutorial_ws/install/ur_robot_driver/share/ur_robot_driver/local_setup.zsh
[20.556s] -- Installing: /home/yide/ros2_tutorial_ws/install/ur_robot_driver/share/ur_robot_driver/local_setup.dsv
[20.556s] -- Installing: /home/yide/ros2_tutorial_ws/install/ur_robot_driver/share/ur_robot_driver/package.dsv
[20.556s] -- Installing: /home/yide/ros2_tutorial_ws/install/ur_robot_driver/share/ament_index/resource_index/packages/ur_robot_driver
[20.556s] -- Installing: /home/yide/ros2_tutorial_ws/install/ur_robot_driver/share/ament_index/resource_index/hardware_interface__pluginlib__plugin/ur_robot_driver
[20.556s] -- Installing: /home/yide/ros2_tutorial_ws/install/ur_robot_driver/share/ur_robot_driver/cmake/ament_cmake_export_include_directories-extras.cmake
[20.556s] -- Installing: /home/yide/ros2_tutorial_ws/install/ur_robot_driver/share/ur_robot_driver/cmake/ament_cmake_export_libraries-extras.cmake
[20.556s] -- Installing: /home/yide/ros2_tutorial_ws/install/ur_robot_driver/share/ur_robot_driver/cmake/ament_cmake_export_dependencies-extras.cmake
[20.557s] -- Installing: /home/yide/ros2_tutorial_ws/install/ur_robot_driver/share/ur_robot_driver/cmake/ur_robot_driverConfig.cmake
[20.557s] -- Installing: /home/yide/ros2_tutorial_ws/install/ur_robot_driver/share/ur_robot_driver/cmake/ur_robot_driverConfig-version.cmake
[20.557s] -- Installing: /home/yide/ros2_tutorial_ws/install/ur_robot_driver/share/ur_robot_driver/package.xml
[20.558s] Invoked command in '/home/yide/ros2_tutorial_ws/build/ur_robot_driver' returned '0': AMENT_PREFIX_PATH=/home/yide/ros2_tutorial_ws/install/ur_controllers:/home/yide/ros2_tutorial_ws/install/ur_dashboard_msgs:${AMENT_PREFIX_PATH} CMAKE_PREFIX_PATH=/home/yide/ros2_tutorial_ws/install/ur_controllers:/home/yide/ros2_tutorial_ws/install/ur_dashboard_msgs:/home/yide/Workspace/robotics-vision-simulation/ros2_ws/install/ur:/home/yide/Workspace/robotics-vision-simulation/ros2_ws/install/ur_calibration:/home/yide/Workspace/robotics-vision-simulation/ros2_ws/install/ur_robot_driver:/home/yide/Workspace/robotics-vision-simulation/ros2_ws/install/ur_moveit_config:/home/yide/Workspace/robotics-vision-simulation/ros2_ws/install/ur_bringup:/home/yide/Workspace/robotics-vision-simulation/ros2_ws/install/ur_controllers:/home/yide/Workspace/robotics-vision-simulation/ros2_ws/install/ur_dashboard_msgs:/home/yide/Workspace/robotics-vision-simulation/ros2_ws/install/robotics_vision_sim:/opt/ros/humble LD_LIBRARY_PATH=/home/yide/ros2_tutorial_ws/install/ur_controllers/lib:/home/yide/ros2_tutorial_ws/install/ur_dashboard_msgs/lib:/usr/local/cuda/lib64:/usr/local/cuda-11.8/lib64:/home/yide/Workspace/robotics-vision-simulation/ros2_ws/install/ur_robot_driver/lib:/home/yide/Workspace/robotics-vision-simulation/ros2_ws/install/ur_controllers/lib:/home/yide/Workspace/robotics-vision-simulation/ros2_ws/install/ur_dashboard_msgs/lib:/usr/lib/x86_64-linux-gnu/gazebo-11/plugins:/opt/ros/humble/opt/rviz_ogre_vendor/lib:/opt/ros/humble/lib/x86_64-linux-gnu:/opt/ros/humble/lib:/usr/local/cuda-11.8/lib64 PS1=\[\e]0;\u@\h: \w\a\]${debian_chroot:+($debian_chroot)}\[\033[01;32m\]\u@\h\[\033[00m\]:\[\033[01;34m\]\w\[\033[00m\]\$ PYTHONPATH=/home/yide/ros2_tutorial_ws/install/ur_dashboard_msgs/local/lib/python3.10/dist-packages:${PYTHONPATH} /usr/bin/cmake --install /home/yide/ros2_tutorial_ws/build/ur_robot_driver
