[0.008s] Invoking command in '/home/yide/ros2_tutorial_ws/build/ur_bringup': AMENT_PREFIX_PATH=/home/yide/ros2_tutorial_ws/install/ur_controllers:/home/yide/ros2_tutorial_ws/install/ur_dashboard_msgs:${AMENT_PREFIX_PATH} CMAKE_PREFIX_PATH=/home/yide/ros2_tutorial_ws/install/ur_controllers:/home/yide/ros2_tutorial_ws/install/ur_dashboard_msgs:/home/yide/Workspace/robotics-vision-simulation/ros2_ws/install/ur:/home/yide/Workspace/robotics-vision-simulation/ros2_ws/install/ur_calibration:/home/yide/Workspace/robotics-vision-simulation/ros2_ws/install/ur_robot_driver:/home/yide/Workspace/robotics-vision-simulation/ros2_ws/install/ur_moveit_config:/home/yide/Workspace/robotics-vision-simulation/ros2_ws/install/ur_bringup:/home/yide/Workspace/robotics-vision-simulation/ros2_ws/install/ur_controllers:/home/yide/Workspace/robotics-vision-simulation/ros2_ws/install/ur_dashboard_msgs:/home/yide/Workspace/robotics-vision-simulation/ros2_ws/install/robotics_vision_sim:/opt/ros/humble LD_LIBRARY_PATH=/home/yide/ros2_tutorial_ws/install/ur_controllers/lib:/home/yide/ros2_tutorial_ws/install/ur_dashboard_msgs/lib:/usr/local/cuda/lib64:/usr/local/cuda-11.8/lib64:/home/yide/Workspace/robotics-vision-simulation/ros2_ws/install/ur_robot_driver/lib:/home/yide/Workspace/robotics-vision-simulation/ros2_ws/install/ur_controllers/lib:/home/yide/Workspace/robotics-vision-simulation/ros2_ws/install/ur_dashboard_msgs/lib:/usr/lib/x86_64-linux-gnu/gazebo-11/plugins:/opt/ros/humble/opt/rviz_ogre_vendor/lib:/opt/ros/humble/lib/x86_64-linux-gnu:/opt/ros/humble/lib:/usr/local/cuda-11.8/lib64 PS1=\[\e]0;\u@\h: \w\a\]${debian_chroot:+($debian_chroot)}\[\033[01;32m\]\u@\h\[\033[00m\]:\[\033[01;34m\]\w\[\033[00m\]\$ PYTHONPATH=/home/yide/ros2_tutorial_ws/install/ur_dashboard_msgs/local/lib/python3.10/dist-packages:${PYTHONPATH} /usr/bin/cmake /home/yide/ros2_tutorial_ws/src/Universal_Robots_ROS2_Driver/ur_bringup -DCMAKE_INSTALL_PREFIX=/home/yide/ros2_tutorial_ws/install/ur_bringup
[0.044s] -- The C compiler identification is GNU 11.4.0
[0.081s] -- The CXX compiler identification is GNU 11.4.0
[0.085s] -- Detecting C compiler ABI info
[0.128s] -- Detecting C compiler ABI info - done
[0.135s] -- Check for working C compiler: /usr/bin/cc - skipped
[0.135s] -- Detecting C compile features
[0.135s] -- Detecting C compile features - done
[0.137s] -- Detecting CXX compiler ABI info
[0.185s] -- Detecting CXX compiler ABI info - done
[0.189s] -- Check for working CXX compiler: /usr/bin/c++ - skipped
[0.189s] -- Detecting CXX compile features
[0.190s] -- Detecting CXX compile features - done
[0.191s] -- Found ament_cmake: 1.3.12 (/opt/ros/humble/share/ament_cmake/cmake)
[0.292s] -- Found Python3: /usr/bin/python3 (found version "3.10.12") found components: Interpreter 
[0.387s] -- Configuring done
[0.388s] -- Generating done
[0.389s] -- Build files have been written to: /home/yide/ros2_tutorial_ws/build/ur_bringup
[0.391s] Invoked command in '/home/yide/ros2_tutorial_ws/build/ur_bringup' returned '0': AMENT_PREFIX_PATH=/home/yide/ros2_tutorial_ws/install/ur_controllers:/home/yide/ros2_tutorial_ws/install/ur_dashboard_msgs:${AMENT_PREFIX_PATH} CMAKE_PREFIX_PATH=/home/yide/ros2_tutorial_ws/install/ur_controllers:/home/yide/ros2_tutorial_ws/install/ur_dashboard_msgs:/home/yide/Workspace/robotics-vision-simulation/ros2_ws/install/ur:/home/yide/Workspace/robotics-vision-simulation/ros2_ws/install/ur_calibration:/home/yide/Workspace/robotics-vision-simulation/ros2_ws/install/ur_robot_driver:/home/yide/Workspace/robotics-vision-simulation/ros2_ws/install/ur_moveit_config:/home/yide/Workspace/robotics-vision-simulation/ros2_ws/install/ur_bringup:/home/yide/Workspace/robotics-vision-simulation/ros2_ws/install/ur_controllers:/home/yide/Workspace/robotics-vision-simulation/ros2_ws/install/ur_dashboard_msgs:/home/yide/Workspace/robotics-vision-simulation/ros2_ws/install/robotics_vision_sim:/opt/ros/humble LD_LIBRARY_PATH=/home/yide/ros2_tutorial_ws/install/ur_controllers/lib:/home/yide/ros2_tutorial_ws/install/ur_dashboard_msgs/lib:/usr/local/cuda/lib64:/usr/local/cuda-11.8/lib64:/home/yide/Workspace/robotics-vision-simulation/ros2_ws/install/ur_robot_driver/lib:/home/yide/Workspace/robotics-vision-simulation/ros2_ws/install/ur_controllers/lib:/home/yide/Workspace/robotics-vision-simulation/ros2_ws/install/ur_dashboard_msgs/lib:/usr/lib/x86_64-linux-gnu/gazebo-11/plugins:/opt/ros/humble/opt/rviz_ogre_vendor/lib:/opt/ros/humble/lib/x86_64-linux-gnu:/opt/ros/humble/lib:/usr/local/cuda-11.8/lib64 PS1=\[\e]0;\u@\h: \w\a\]${debian_chroot:+($debian_chroot)}\[\033[01;32m\]\u@\h\[\033[00m\]:\[\033[01;34m\]\w\[\033[00m\]\$ PYTHONPATH=/home/yide/ros2_tutorial_ws/install/ur_dashboard_msgs/local/lib/python3.10/dist-packages:${PYTHONPATH} /usr/bin/cmake /home/yide/ros2_tutorial_ws/src/Universal_Robots_ROS2_Driver/ur_bringup -DCMAKE_INSTALL_PREFIX=/home/yide/ros2_tutorial_ws/install/ur_bringup
[0.392s] Invoking command in '/home/yide/ros2_tutorial_ws/build/ur_bringup': AMENT_PREFIX_PATH=/home/yide/ros2_tutorial_ws/install/ur_controllers:/home/yide/ros2_tutorial_ws/install/ur_dashboard_msgs:${AMENT_PREFIX_PATH} CMAKE_PREFIX_PATH=/home/yide/ros2_tutorial_ws/install/ur_controllers:/home/yide/ros2_tutorial_ws/install/ur_dashboard_msgs:/home/yide/Workspace/robotics-vision-simulation/ros2_ws/install/ur:/home/yide/Workspace/robotics-vision-simulation/ros2_ws/install/ur_calibration:/home/yide/Workspace/robotics-vision-simulation/ros2_ws/install/ur_robot_driver:/home/yide/Workspace/robotics-vision-simulation/ros2_ws/install/ur_moveit_config:/home/yide/Workspace/robotics-vision-simulation/ros2_ws/install/ur_bringup:/home/yide/Workspace/robotics-vision-simulation/ros2_ws/install/ur_controllers:/home/yide/Workspace/robotics-vision-simulation/ros2_ws/install/ur_dashboard_msgs:/home/yide/Workspace/robotics-vision-simulation/ros2_ws/install/robotics_vision_sim:/opt/ros/humble LD_LIBRARY_PATH=/home/yide/ros2_tutorial_ws/install/ur_controllers/lib:/home/yide/ros2_tutorial_ws/install/ur_dashboard_msgs/lib:/usr/local/cuda/lib64:/usr/local/cuda-11.8/lib64:/home/yide/Workspace/robotics-vision-simulation/ros2_ws/install/ur_robot_driver/lib:/home/yide/Workspace/robotics-vision-simulation/ros2_ws/install/ur_controllers/lib:/home/yide/Workspace/robotics-vision-simulation/ros2_ws/install/ur_dashboard_msgs/lib:/usr/lib/x86_64-linux-gnu/gazebo-11/plugins:/opt/ros/humble/opt/rviz_ogre_vendor/lib:/opt/ros/humble/lib/x86_64-linux-gnu:/opt/ros/humble/lib:/usr/local/cuda-11.8/lib64 PS1=\[\e]0;\u@\h: \w\a\]${debian_chroot:+($debian_chroot)}\[\033[01;32m\]\u@\h\[\033[00m\]:\[\033[01;34m\]\w\[\033[00m\]\$ PYTHONPATH=/home/yide/ros2_tutorial_ws/install/ur_dashboard_msgs/local/lib/python3.10/dist-packages:${PYTHONPATH} /usr/bin/cmake --build /home/yide/ros2_tutorial_ws/build/ur_bringup -- -j16 -l16
[0.421s] Invoked command in '/home/yide/ros2_tutorial_ws/build/ur_bringup' returned '0': AMENT_PREFIX_PATH=/home/yide/ros2_tutorial_ws/install/ur_controllers:/home/yide/ros2_tutorial_ws/install/ur_dashboard_msgs:${AMENT_PREFIX_PATH} CMAKE_PREFIX_PATH=/home/yide/ros2_tutorial_ws/install/ur_controllers:/home/yide/ros2_tutorial_ws/install/ur_dashboard_msgs:/home/yide/Workspace/robotics-vision-simulation/ros2_ws/install/ur:/home/yide/Workspace/robotics-vision-simulation/ros2_ws/install/ur_calibration:/home/yide/Workspace/robotics-vision-simulation/ros2_ws/install/ur_robot_driver:/home/yide/Workspace/robotics-vision-simulation/ros2_ws/install/ur_moveit_config:/home/yide/Workspace/robotics-vision-simulation/ros2_ws/install/ur_bringup:/home/yide/Workspace/robotics-vision-simulation/ros2_ws/install/ur_controllers:/home/yide/Workspace/robotics-vision-simulation/ros2_ws/install/ur_dashboard_msgs:/home/yide/Workspace/robotics-vision-simulation/ros2_ws/install/robotics_vision_sim:/opt/ros/humble LD_LIBRARY_PATH=/home/yide/ros2_tutorial_ws/install/ur_controllers/lib:/home/yide/ros2_tutorial_ws/install/ur_dashboard_msgs/lib:/usr/local/cuda/lib64:/usr/local/cuda-11.8/lib64:/home/yide/Workspace/robotics-vision-simulation/ros2_ws/install/ur_robot_driver/lib:/home/yide/Workspace/robotics-vision-simulation/ros2_ws/install/ur_controllers/lib:/home/yide/Workspace/robotics-vision-simulation/ros2_ws/install/ur_dashboard_msgs/lib:/usr/lib/x86_64-linux-gnu/gazebo-11/plugins:/opt/ros/humble/opt/rviz_ogre_vendor/lib:/opt/ros/humble/lib/x86_64-linux-gnu:/opt/ros/humble/lib:/usr/local/cuda-11.8/lib64 PS1=\[\e]0;\u@\h: \w\a\]${debian_chroot:+($debian_chroot)}\[\033[01;32m\]\u@\h\[\033[00m\]:\[\033[01;34m\]\w\[\033[00m\]\$ PYTHONPATH=/home/yide/ros2_tutorial_ws/install/ur_dashboard_msgs/local/lib/python3.10/dist-packages:${PYTHONPATH} /usr/bin/cmake --build /home/yide/ros2_tutorial_ws/build/ur_bringup -- -j16 -l16
[0.421s] Invoking command in '/home/yide/ros2_tutorial_ws/build/ur_bringup': AMENT_PREFIX_PATH=/home/yide/ros2_tutorial_ws/install/ur_controllers:/home/yide/ros2_tutorial_ws/install/ur_dashboard_msgs:${AMENT_PREFIX_PATH} CMAKE_PREFIX_PATH=/home/yide/ros2_tutorial_ws/install/ur_controllers:/home/yide/ros2_tutorial_ws/install/ur_dashboard_msgs:/home/yide/Workspace/robotics-vision-simulation/ros2_ws/install/ur:/home/yide/Workspace/robotics-vision-simulation/ros2_ws/install/ur_calibration:/home/yide/Workspace/robotics-vision-simulation/ros2_ws/install/ur_robot_driver:/home/yide/Workspace/robotics-vision-simulation/ros2_ws/install/ur_moveit_config:/home/yide/Workspace/robotics-vision-simulation/ros2_ws/install/ur_bringup:/home/yide/Workspace/robotics-vision-simulation/ros2_ws/install/ur_controllers:/home/yide/Workspace/robotics-vision-simulation/ros2_ws/install/ur_dashboard_msgs:/home/yide/Workspace/robotics-vision-simulation/ros2_ws/install/robotics_vision_sim:/opt/ros/humble LD_LIBRARY_PATH=/home/yide/ros2_tutorial_ws/install/ur_controllers/lib:/home/yide/ros2_tutorial_ws/install/ur_dashboard_msgs/lib:/usr/local/cuda/lib64:/usr/local/cuda-11.8/lib64:/home/yide/Workspace/robotics-vision-simulation/ros2_ws/install/ur_robot_driver/lib:/home/yide/Workspace/robotics-vision-simulation/ros2_ws/install/ur_controllers/lib:/home/yide/Workspace/robotics-vision-simulation/ros2_ws/install/ur_dashboard_msgs/lib:/usr/lib/x86_64-linux-gnu/gazebo-11/plugins:/opt/ros/humble/opt/rviz_ogre_vendor/lib:/opt/ros/humble/lib/x86_64-linux-gnu:/opt/ros/humble/lib:/usr/local/cuda-11.8/lib64 PS1=\[\e]0;\u@\h: \w\a\]${debian_chroot:+($debian_chroot)}\[\033[01;32m\]\u@\h\[\033[00m\]:\[\033[01;34m\]\w\[\033[00m\]\$ PYTHONPATH=/home/yide/ros2_tutorial_ws/install/ur_dashboard_msgs/local/lib/python3.10/dist-packages:${PYTHONPATH} /usr/bin/cmake --install /home/yide/ros2_tutorial_ws/build/ur_bringup
[0.427s] -- Install configuration: ""
[0.427s] -- Installing: /home/yide/ros2_tutorial_ws/install/ur_bringup/share/ur_bringup/config
[0.427s] -- Installing: /home/yide/ros2_tutorial_ws/install/ur_bringup/share/ur_bringup/config/ur16e_update_rate.yaml
[0.427s] -- Installing: /home/yide/ros2_tutorial_ws/install/ur_bringup/share/ur_bringup/config/ur10e_update_rate.yaml
[0.427s] -- Installing: /home/yide/ros2_tutorial_ws/install/ur_bringup/share/ur_bringup/config/ur8long_update_rate.yaml
[0.427s] -- Installing: /home/yide/ros2_tutorial_ws/install/ur_bringup/share/ur_bringup/config/ur5_update_rate.yaml
[0.427s] -- Installing: /home/yide/ros2_tutorial_ws/install/ur_bringup/share/ur_bringup/config/test_velocity_goal_publishers_config.yaml
[0.427s] -- Installing: /home/yide/ros2_tutorial_ws/install/ur_bringup/share/ur_bringup/config/ur3_update_rate.yaml
[0.427s] -- Installing: /home/yide/ros2_tutorial_ws/install/ur_bringup/share/ur_bringup/config/ur_controllers.yaml
[0.427s] -- Installing: /home/yide/ros2_tutorial_ws/install/ur_bringup/share/ur_bringup/config/ur5e_update_rate.yaml
[0.427s] -- Installing: /home/yide/ros2_tutorial_ws/install/ur_bringup/share/ur_bringup/config/ur3e_update_rate.yaml
[0.427s] -- Installing: /home/yide/ros2_tutorial_ws/install/ur_bringup/share/ur_bringup/config/test_goal_publishers_config.yaml
[0.427s] -- Installing: /home/yide/ros2_tutorial_ws/install/ur_bringup/share/ur_bringup/config/ur10_update_rate.yaml
[0.428s] -- Installing: /home/yide/ros2_tutorial_ws/install/ur_bringup/share/ur_bringup/config/ur18_update_rate.yaml
[0.428s] -- Installing: /home/yide/ros2_tutorial_ws/install/ur_bringup/share/ur_bringup/launch
[0.428s] -- Installing: /home/yide/ros2_tutorial_ws/install/ur_bringup/share/ur_bringup/launch/test_joint_trajectory_controller.launch.py
[0.428s] -- Installing: /home/yide/ros2_tutorial_ws/install/ur_bringup/share/ur_bringup/launch/ur10.launch.py
[0.428s] -- Installing: /home/yide/ros2_tutorial_ws/install/ur_bringup/share/ur_bringup/launch/ur16e.launch.py
[0.428s] -- Installing: /home/yide/ros2_tutorial_ws/install/ur_bringup/share/ur_bringup/launch/ur7e.launch.py
[0.428s] -- Installing: /home/yide/ros2_tutorial_ws/install/ur_bringup/share/ur_bringup/launch/test_scaled_joint_trajectory_controller.launch.py
[0.428s] -- Installing: /home/yide/ros2_tutorial_ws/install/ur_bringup/share/ur_bringup/launch/ur5e.launch.py
[0.428s] -- Installing: /home/yide/ros2_tutorial_ws/install/ur_bringup/share/ur_bringup/launch/test_forward_velocity_controller.launch.py
[0.428s] -- Installing: /home/yide/ros2_tutorial_ws/install/ur_bringup/share/ur_bringup/launch/ur18.launch.py
[0.428s] -- Installing: /home/yide/ros2_tutorial_ws/install/ur_bringup/share/ur_bringup/launch/ur5.launch.py
[0.428s] -- Installing: /home/yide/ros2_tutorial_ws/install/ur_bringup/share/ur_bringup/launch/ur3.launch.py
[0.428s] -- Installing: /home/yide/ros2_tutorial_ws/install/ur_bringup/share/ur_bringup/launch/ur_control.launch.py
[0.428s] -- Installing: /home/yide/ros2_tutorial_ws/install/ur_bringup/share/ur_bringup/launch/ur15.launch.py
[0.428s] -- Installing: /home/yide/ros2_tutorial_ws/install/ur_bringup/share/ur_bringup/launch/ur_dashboard_client.launch.py
[0.428s] -- Installing: /home/yide/ros2_tutorial_ws/install/ur_bringup/share/ur_bringup/launch/ur30.launch.py
[0.429s] -- Installing: /home/yide/ros2_tutorial_ws/install/ur_bringup/share/ur_bringup/launch/ur12e.launch.py
[0.429s] -- Installing: /home/yide/ros2_tutorial_ws/install/ur_bringup/share/ur_bringup/launch/ur3e.launch.py
[0.429s] -- Installing: /home/yide/ros2_tutorial_ws/install/ur_bringup/share/ur_bringup/launch/ur8long.launch.py
[0.429s] -- Installing: /home/yide/ros2_tutorial_ws/install/ur_bringup/share/ur_bringup/launch/ur20.launch.py
[0.429s] -- Installing: /home/yide/ros2_tutorial_ws/install/ur_bringup/share/ur_bringup/launch/ur10e.launch.py
[0.429s] -- Installing: /home/yide/ros2_tutorial_ws/install/ur_bringup/lib/ur_bringup/start_ursim.sh
[0.429s] -- Installing: /home/yide/ros2_tutorial_ws/install/ur_bringup/share/ament_index/resource_index/package_run_dependencies/ur_bringup
[0.429s] -- Installing: /home/yide/ros2_tutorial_ws/install/ur_bringup/share/ament_index/resource_index/parent_prefix_path/ur_bringup
[0.429s] -- Installing: /home/yide/ros2_tutorial_ws/install/ur_bringup/share/ur_bringup/environment/ament_prefix_path.sh
[0.429s] -- Installing: /home/yide/ros2_tutorial_ws/install/ur_bringup/share/ur_bringup/environment/ament_prefix_path.dsv
[0.429s] -- Installing: /home/yide/ros2_tutorial_ws/install/ur_bringup/share/ur_bringup/environment/path.sh
[0.429s] -- Installing: /home/yide/ros2_tutorial_ws/install/ur_bringup/share/ur_bringup/environment/path.dsv
[0.429s] -- Installing: /home/yide/ros2_tutorial_ws/install/ur_bringup/share/ur_bringup/local_setup.bash
[0.429s] -- Installing: /home/yide/ros2_tutorial_ws/install/ur_bringup/share/ur_bringup/local_setup.sh
[0.429s] -- Installing: /home/yide/ros2_tutorial_ws/install/ur_bringup/share/ur_bringup/local_setup.zsh
[0.429s] -- Installing: /home/yide/ros2_tutorial_ws/install/ur_bringup/share/ur_bringup/local_setup.dsv
[0.430s] -- Installing: /home/yide/ros2_tutorial_ws/install/ur_bringup/share/ur_bringup/package.dsv
[0.430s] -- Installing: /home/yide/ros2_tutorial_ws/install/ur_bringup/share/ament_index/resource_index/packages/ur_bringup
[0.430s] -- Installing: /home/yide/ros2_tutorial_ws/install/ur_bringup/share/ur_bringup/cmake/ur_bringupConfig.cmake
[0.430s] -- Installing: /home/yide/ros2_tutorial_ws/install/ur_bringup/share/ur_bringup/cmake/ur_bringupConfig-version.cmake
[0.430s] -- Installing: /home/yide/ros2_tutorial_ws/install/ur_bringup/share/ur_bringup/package.xml
[0.431s] Invoked command in '/home/yide/ros2_tutorial_ws/build/ur_bringup' returned '0': AMENT_PREFIX_PATH=/home/yide/ros2_tutorial_ws/install/ur_controllers:/home/yide/ros2_tutorial_ws/install/ur_dashboard_msgs:${AMENT_PREFIX_PATH} CMAKE_PREFIX_PATH=/home/yide/ros2_tutorial_ws/install/ur_controllers:/home/yide/ros2_tutorial_ws/install/ur_dashboard_msgs:/home/yide/Workspace/robotics-vision-simulation/ros2_ws/install/ur:/home/yide/Workspace/robotics-vision-simulation/ros2_ws/install/ur_calibration:/home/yide/Workspace/robotics-vision-simulation/ros2_ws/install/ur_robot_driver:/home/yide/Workspace/robotics-vision-simulation/ros2_ws/install/ur_moveit_config:/home/yide/Workspace/robotics-vision-simulation/ros2_ws/install/ur_bringup:/home/yide/Workspace/robotics-vision-simulation/ros2_ws/install/ur_controllers:/home/yide/Workspace/robotics-vision-simulation/ros2_ws/install/ur_dashboard_msgs:/home/yide/Workspace/robotics-vision-simulation/ros2_ws/install/robotics_vision_sim:/opt/ros/humble LD_LIBRARY_PATH=/home/yide/ros2_tutorial_ws/install/ur_controllers/lib:/home/yide/ros2_tutorial_ws/install/ur_dashboard_msgs/lib:/usr/local/cuda/lib64:/usr/local/cuda-11.8/lib64:/home/yide/Workspace/robotics-vision-simulation/ros2_ws/install/ur_robot_driver/lib:/home/yide/Workspace/robotics-vision-simulation/ros2_ws/install/ur_controllers/lib:/home/yide/Workspace/robotics-vision-simulation/ros2_ws/install/ur_dashboard_msgs/lib:/usr/lib/x86_64-linux-gnu/gazebo-11/plugins:/opt/ros/humble/opt/rviz_ogre_vendor/lib:/opt/ros/humble/lib/x86_64-linux-gnu:/opt/ros/humble/lib:/usr/local/cuda-11.8/lib64 PS1=\[\e]0;\u@\h: \w\a\]${debian_chroot:+($debian_chroot)}\[\033[01;32m\]\u@\h\[\033[00m\]:\[\033[01;34m\]\w\[\033[00m\]\$ PYTHONPATH=/home/yide/ros2_tutorial_ws/install/ur_dashboard_msgs/local/lib/python3.10/dist-packages:${PYTHONPATH} /usr/bin/cmake --install /home/yide/ros2_tutorial_ws/build/ur_bringup
