[0.006s] Invoking command in '/home/yide/ros2_tutorial_ws/build/ur_moveit_config': CMAKE_PREFIX_PATH=${CMAKE_PREFIX_PATH}:/home/yide/Workspace/robotics-vision-simulation/ros2_ws/install/robotics_vision_sim:/opt/ros/humble PS1=\[\e]0;\u@\h: \w\a\]${debian_chroot:+($debian_chroot)}\[\033[01;32m\]\u@\h\[\033[00m\]:\[\033[01;34m\]\w\[\033[00m\]\$ /usr/bin/cmake /home/yide/ros2_tutorial_ws/src/Universal_Robots_ROS2_Driver/ur_moveit_config -DCMAKE_INSTALL_PREFIX=/home/yide/ros2_tutorial_ws/install/ur_moveit_config
[0.079s] -- The C compiler identification is GNU 11.4.0
[0.134s] -- The CXX compiler identification is GNU 11.4.0
[0.140s] -- Detecting C compiler ABI info
[0.187s] -- Detecting C compiler ABI info - done
[0.191s] -- Check for working C compiler: /usr/bin/cc - skipped
[0.191s] -- Detecting C compile features
[0.191s] -- Detecting C compile features - done
[0.193s] -- Detecting CXX compiler ABI info
[0.247s] -- Detecting CXX compiler ABI info - done
[0.251s] -- Check for working CXX compiler: /usr/bin/c++ - skipped
[0.252s] -- Detecting CXX compile features
[0.252s] -- Detecting CXX compile features - done
[0.254s] -- Found ament_cmake: 1.3.12 (/opt/ros/humble/share/ament_cmake/cmake)
[0.352s] -- Found Python3: /usr/bin/python3 (found version "3.10.12") found components: Interpreter 
[0.503s] -- Configuring done
[0.504s] -- Generating done
[0.505s] -- Build files have been written to: /home/yide/ros2_tutorial_ws/build/ur_moveit_config
[0.508s] Invoked command in '/home/yide/ros2_tutorial_ws/build/ur_moveit_config' returned '0': CMAKE_PREFIX_PATH=${CMAKE_PREFIX_PATH}:/home/yide/Workspace/robotics-vision-simulation/ros2_ws/install/robotics_vision_sim:/opt/ros/humble PS1=\[\e]0;\u@\h: \w\a\]${debian_chroot:+($debian_chroot)}\[\033[01;32m\]\u@\h\[\033[00m\]:\[\033[01;34m\]\w\[\033[00m\]\$ /usr/bin/cmake /home/yide/ros2_tutorial_ws/src/Universal_Robots_ROS2_Driver/ur_moveit_config -DCMAKE_INSTALL_PREFIX=/home/yide/ros2_tutorial_ws/install/ur_moveit_config
[0.509s] Invoking command in '/home/yide/ros2_tutorial_ws/build/ur_moveit_config': CMAKE_PREFIX_PATH=${CMAKE_PREFIX_PATH}:/home/yide/Workspace/robotics-vision-simulation/ros2_ws/install/robotics_vision_sim:/opt/ros/humble PS1=\[\e]0;\u@\h: \w\a\]${debian_chroot:+($debian_chroot)}\[\033[01;32m\]\u@\h\[\033[00m\]:\[\033[01;34m\]\w\[\033[00m\]\$ /usr/bin/cmake --build /home/yide/ros2_tutorial_ws/build/ur_moveit_config -- -j16 -l16
[0.543s] Built target ament_cmake_python_copy_ur_moveit_config
[0.674s] running egg_info
[0.674s] creating ur_moveit_config.egg-info
[0.674s] writing ur_moveit_config.egg-info/PKG-INFO
[0.674s] writing dependency_links to ur_moveit_config.egg-info/dependency_links.txt
[0.674s] writing top-level names to ur_moveit_config.egg-info/top_level.txt
[0.674s] writing manifest file 'ur_moveit_config.egg-info/SOURCES.txt'
[0.676s] reading manifest file 'ur_moveit_config.egg-info/SOURCES.txt'
[0.676s] writing manifest file 'ur_moveit_config.egg-info/SOURCES.txt'
[0.693s] Built target ament_cmake_python_build_ur_moveit_config_egg
[0.700s] Invoked command in '/home/yide/ros2_tutorial_ws/build/ur_moveit_config' returned '0': CMAKE_PREFIX_PATH=${CMAKE_PREFIX_PATH}:/home/yide/Workspace/robotics-vision-simulation/ros2_ws/install/robotics_vision_sim:/opt/ros/humble PS1=\[\e]0;\u@\h: \w\a\]${debian_chroot:+($debian_chroot)}\[\033[01;32m\]\u@\h\[\033[00m\]:\[\033[01;34m\]\w\[\033[00m\]\$ /usr/bin/cmake --build /home/yide/ros2_tutorial_ws/build/ur_moveit_config -- -j16 -l16
[0.706s] Invoking command in '/home/yide/ros2_tutorial_ws/build/ur_moveit_config': CMAKE_PREFIX_PATH=${CMAKE_PREFIX_PATH}:/home/yide/Workspace/robotics-vision-simulation/ros2_ws/install/robotics_vision_sim:/opt/ros/humble PS1=\[\e]0;\u@\h: \w\a\]${debian_chroot:+($debian_chroot)}\[\033[01;32m\]\u@\h\[\033[00m\]:\[\033[01;34m\]\w\[\033[00m\]\$ /usr/bin/cmake --install /home/yide/ros2_tutorial_ws/build/ur_moveit_config
[0.712s] -- Install configuration: ""
[0.712s] -- Installing: /home/yide/ros2_tutorial_ws/install/ur_moveit_config/share/ur_moveit_config/config
[0.712s] -- Installing: /home/yide/ros2_tutorial_ws/install/ur_moveit_config/share/ur_moveit_config/config/ompl_planning.yaml
[0.712s] -- Installing: /home/yide/ros2_tutorial_ws/install/ur_moveit_config/share/ur_moveit_config/config/controllers.yaml
[0.712s] -- Installing: /home/yide/ros2_tutorial_ws/install/ur_moveit_config/share/ur_moveit_config/config/kinematics.yaml
[0.712s] -- Installing: /home/yide/ros2_tutorial_ws/install/ur_moveit_config/share/ur_moveit_config/config/joint_limits.yaml
[0.712s] -- Installing: /home/yide/ros2_tutorial_ws/install/ur_moveit_config/share/ur_moveit_config/config/ur_servo.yaml
[0.712s] -- Installing: /home/yide/ros2_tutorial_ws/install/ur_moveit_config/share/ur_moveit_config/launch
[0.712s] -- Installing: /home/yide/ros2_tutorial_ws/install/ur_moveit_config/share/ur_moveit_config/launch/ur_moveit.launch.py
[0.712s] -- Installing: /home/yide/ros2_tutorial_ws/install/ur_moveit_config/share/ur_moveit_config/rviz
[0.712s] -- Installing: /home/yide/ros2_tutorial_ws/install/ur_moveit_config/share/ur_moveit_config/rviz/view_robot.rviz
[0.712s] -- Installing: /home/yide/ros2_tutorial_ws/install/ur_moveit_config/share/ur_moveit_config/srdf
[0.712s] -- Installing: /home/yide/ros2_tutorial_ws/install/ur_moveit_config/share/ur_moveit_config/srdf/ur_macro.srdf.xacro
[0.712s] -- Installing: /home/yide/ros2_tutorial_ws/install/ur_moveit_config/share/ur_moveit_config/srdf/ur.srdf.xacro
[0.712s] -- Installing: /home/yide/ros2_tutorial_ws/install/ur_moveit_config/share/ur_moveit_config/environment/pythonpath.sh
[0.712s] -- Installing: /home/yide/ros2_tutorial_ws/install/ur_moveit_config/share/ur_moveit_config/environment/pythonpath.dsv
[0.712s] -- Installing: /home/yide/ros2_tutorial_ws/install/ur_moveit_config/local/lib/python3.10/dist-packages/ur_moveit_config-2.12.0-py3.10.egg-info
[0.712s] -- Installing: /home/yide/ros2_tutorial_ws/install/ur_moveit_config/local/lib/python3.10/dist-packages/ur_moveit_config-2.12.0-py3.10.egg-info/dependency_links.txt
[0.712s] -- Installing: /home/yide/ros2_tutorial_ws/install/ur_moveit_config/local/lib/python3.10/dist-packages/ur_moveit_config-2.12.0-py3.10.egg-info/PKG-INFO
[0.712s] -- Installing: /home/yide/ros2_tutorial_ws/install/ur_moveit_config/local/lib/python3.10/dist-packages/ur_moveit_config-2.12.0-py3.10.egg-info/top_level.txt
[0.712s] -- Installing: /home/yide/ros2_tutorial_ws/install/ur_moveit_config/local/lib/python3.10/dist-packages/ur_moveit_config-2.12.0-py3.10.egg-info/SOURCES.txt
[0.712s] -- Installing: /home/yide/ros2_tutorial_ws/install/ur_moveit_config/local/lib/python3.10/dist-packages/ur_moveit_config
[0.712s] -- Installing: /home/yide/ros2_tutorial_ws/install/ur_moveit_config/local/lib/python3.10/dist-packages/ur_moveit_config/__init__.py
[0.712s] -- Installing: /home/yide/ros2_tutorial_ws/install/ur_moveit_config/local/lib/python3.10/dist-packages/ur_moveit_config/launch_common.py
[0.734s] Listing '/home/yide/ros2_tutorial_ws/install/ur_moveit_config/local/lib/python3.10/dist-packages/ur_moveit_config'...
[0.734s] Compiling '/home/yide/ros2_tutorial_ws/install/ur_moveit_config/local/lib/python3.10/dist-packages/ur_moveit_config/__init__.py'...
[0.734s] Compiling '/home/yide/ros2_tutorial_ws/install/ur_moveit_config/local/lib/python3.10/dist-packages/ur_moveit_config/launch_common.py'...
[0.736s] -- Installing: /home/yide/ros2_tutorial_ws/install/ur_moveit_config/local/lib/python3.10/dist-packages/launch_common.py
[0.757s] Compiling '/home/yide/ros2_tutorial_ws/install/ur_moveit_config/local/lib/python3.10/dist-packages/launch_common.py'...
[0.760s] -- Installing: /home/yide/ros2_tutorial_ws/install/ur_moveit_config/share/ament_index/resource_index/package_run_dependencies/ur_moveit_config
[0.760s] -- Installing: /home/yide/ros2_tutorial_ws/install/ur_moveit_config/share/ament_index/resource_index/parent_prefix_path/ur_moveit_config
[0.760s] -- Installing: /home/yide/ros2_tutorial_ws/install/ur_moveit_config/share/ur_moveit_config/environment/ament_prefix_path.sh
[0.760s] -- Installing: /home/yide/ros2_tutorial_ws/install/ur_moveit_config/share/ur_moveit_config/environment/ament_prefix_path.dsv
[0.760s] -- Installing: /home/yide/ros2_tutorial_ws/install/ur_moveit_config/share/ur_moveit_config/environment/path.sh
[0.760s] -- Installing: /home/yide/ros2_tutorial_ws/install/ur_moveit_config/share/ur_moveit_config/environment/path.dsv
[0.760s] -- Installing: /home/yide/ros2_tutorial_ws/install/ur_moveit_config/share/ur_moveit_config/local_setup.bash
[0.760s] -- Installing: /home/yide/ros2_tutorial_ws/install/ur_moveit_config/share/ur_moveit_config/local_setup.sh
[0.760s] -- Installing: /home/yide/ros2_tutorial_ws/install/ur_moveit_config/share/ur_moveit_config/local_setup.zsh
[0.760s] -- Installing: /home/yide/ros2_tutorial_ws/install/ur_moveit_config/share/ur_moveit_config/local_setup.dsv
[0.760s] -- Installing: /home/yide/ros2_tutorial_ws/install/ur_moveit_config/share/ur_moveit_config/package.dsv
[0.760s] -- Installing: /home/yide/ros2_tutorial_ws/install/ur_moveit_config/share/ament_index/resource_index/packages/ur_moveit_config
[0.760s] -- Installing: /home/yide/ros2_tutorial_ws/install/ur_moveit_config/share/ur_moveit_config/cmake/ur_moveit_configConfig.cmake
[0.760s] -- Installing: /home/yide/ros2_tutorial_ws/install/ur_moveit_config/share/ur_moveit_config/cmake/ur_moveit_configConfig-version.cmake
[0.760s] -- Installing: /home/yide/ros2_tutorial_ws/install/ur_moveit_config/share/ur_moveit_config/package.xml
[0.762s] Invoked command in '/home/yide/ros2_tutorial_ws/build/ur_moveit_config' returned '0': CMAKE_PREFIX_PATH=${CMAKE_PREFIX_PATH}:/home/yide/Workspace/robotics-vision-simulation/ros2_ws/install/robotics_vision_sim:/opt/ros/humble PS1=\[\e]0;\u@\h: \w\a\]${debian_chroot:+($debian_chroot)}\[\033[01;32m\]\u@\h\[\033[00m\]:\[\033[01;34m\]\w\[\033[00m\]\$ /usr/bin/cmake --install /home/yide/ros2_tutorial_ws/build/ur_moveit_config
