[0.007s] Invoking command in '/home/yide/ros2_tutorial_ws/build/ur_controllers': AMENT_PREFIX_PATH=/home/yide/ros2_tutorial_ws/install/ur_dashboard_msgs:${AMENT_PREFIX_PATH} CMAKE_PREFIX_PATH=/home/yide/ros2_tutorial_ws/install/ur_dashboard_msgs:/home/yide/Workspace/robotics-vision-simulation/ros2_ws/install/ur:/home/yide/Workspace/robotics-vision-simulation/ros2_ws/install/ur_calibration:/home/yide/Workspace/robotics-vision-simulation/ros2_ws/install/ur_robot_driver:/home/yide/Workspace/robotics-vision-simulation/ros2_ws/install/ur_moveit_config:/home/yide/Workspace/robotics-vision-simulation/ros2_ws/install/ur_bringup:/home/yide/Workspace/robotics-vision-simulation/ros2_ws/install/ur_controllers:/home/yide/Workspace/robotics-vision-simulation/ros2_ws/install/ur_dashboard_msgs:/home/yide/Workspace/robotics-vision-simulation/ros2_ws/install/robotics_vision_sim:/opt/ros/humble LD_LIBRARY_PATH=/home/yide/ros2_tutorial_ws/install/ur_dashboard_msgs/lib:/usr/local/cuda/lib64:/usr/local/cuda-11.8/lib64:/home/yide/Workspace/robotics-vision-simulation/ros2_ws/install/ur_robot_driver/lib:/home/yide/Workspace/robotics-vision-simulation/ros2_ws/install/ur_controllers/lib:/home/yide/Workspace/robotics-vision-simulation/ros2_ws/install/ur_dashboard_msgs/lib:/usr/lib/x86_64-linux-gnu/gazebo-11/plugins:/opt/ros/humble/opt/rviz_ogre_vendor/lib:/opt/ros/humble/lib/x86_64-linux-gnu:/opt/ros/humble/lib:/usr/local/cuda-11.8/lib64 PS1=\[\e]0;\u@\h: \w\a\]${debian_chroot:+($debian_chroot)}\[\033[01;32m\]\u@\h\[\033[00m\]:\[\033[01;34m\]\w\[\033[00m\]\$ PYTHONPATH=/home/yide/ros2_tutorial_ws/install/ur_dashboard_msgs/local/lib/python3.10/dist-packages:${PYTHONPATH} /usr/bin/cmake /home/yide/ros2_tutorial_ws/src/Universal_Robots_ROS2_Driver/ur_controllers -DCMAKE_INSTALL_PREFIX=/home/yide/ros2_tutorial_ws/install/ur_controllers
[0.042s] -- The C compiler identification is GNU 11.4.0
[0.075s] -- The CXX compiler identification is GNU 11.4.0
[0.080s] -- Detecting C compiler ABI info
[0.127s] -- Detecting C compiler ABI info - done
[0.131s] -- Check for working C compiler: /usr/bin/cc - skipped
[0.131s] -- Detecting C compile features
[0.132s] -- Detecting C compile features - done
[0.133s] -- Detecting CXX compiler ABI info
[0.188s] -- Detecting CXX compiler ABI info - done
[0.194s] -- Check for working CXX compiler: /usr/bin/c++ - skipped
[0.194s] -- Detecting CXX compile features
[0.194s] -- Detecting CXX compile features - done
[0.196s] -- Found ament_cmake: 1.3.12 (/opt/ros/humble/share/ament_cmake/cmake)
[0.294s] -- Found Python3: /usr/bin/python3 (found version "3.10.12") found components: Interpreter 
[0.358s] -- Found angles: 1.15.0 (/opt/ros/humble/share/angles/cmake)
[0.360s] -- Found controller_interface: 2.53.0 (/opt/ros/humble/share/controller_interface/cmake)
[0.387s] -- Found rosidl_generator_c: 3.1.8 (/opt/ros/humble/share/rosidl_generator_c/cmake)
[0.390s] -- Found rosidl_adapter: 3.1.8 (/opt/ros/humble/share/rosidl_adapter/cmake)
[0.396s] -- Found rosidl_generator_cpp: 3.1.8 (/opt/ros/humble/share/rosidl_generator_cpp/cmake)
[0.403s] -- Using all available rosidl_typesupport_c: rosidl_typesupport_fastrtps_c;rosidl_typesupport_introspection_c
[0.412s] -- Using all available rosidl_typesupport_cpp: rosidl_typesupport_fastrtps_cpp;rosidl_typesupport_introspection_cpp
[0.539s] -- Found rmw_implementation_cmake: 6.1.2 (/opt/ros/humble/share/rmw_implementation_cmake/cmake)
[0.541s] -- Found rmw_fastrtps_cpp: 6.2.9 (/opt/ros/humble/share/rmw_fastrtps_cpp/cmake)
[0.559s] -- Found TinyXML2 via Config file: TinyXML2_DIR-NOTFOUND
[0.601s] -- Found OpenSSL: /usr/lib/x86_64-linux-gnu/libcrypto.so (found version "3.0.2")  
[0.603s] -- Found TinyXML2 via Config file: TinyXML2_DIR-NOTFOUND
[0.613s] -- Found FastRTPS: /opt/ros/humble/include  
[0.615s] -- Found TinyXML2 via Config file: TinyXML2_DIR-NOTFOUND
[0.620s] -- Found TinyXML2 via Config file: TinyXML2_DIR-NOTFOUND
[0.627s] -- Using RMW implementation 'rmw_fastrtps_cpp' as default
[0.634s] -- Looking for pthread.h
[0.680s] -- Looking for pthread.h - found
[0.680s] -- Performing Test CMAKE_HAVE_LIBC_PTHREAD
[0.728s] -- Performing Test CMAKE_HAVE_LIBC_PTHREAD - Success
[0.729s] -- Found Threads: TRUE  
[0.762s] -- Found joint_trajectory_controller: 2.52.0 (/opt/ros/humble/share/joint_trajectory_controller/cmake)
[0.815s] -- Found std_srvs: 4.9.0 (/opt/ros/humble/share/std_srvs/cmake)
[0.823s] -- Found tf2_geometry_msgs: 0.25.18 (/opt/ros/humble/share/tf2_geometry_msgs/cmake)
[0.829s] -- Found eigen3_cmake_module: 0.1.1 (/opt/ros/humble/share/eigen3_cmake_module/cmake)
[0.830s] -- Found Eigen3: TRUE (found version "3.4.0") 
[0.830s] -- Ensuring Eigen3 include directory is part of orocos-kdl CMake target
[0.867s] -- Found ur_dashboard_msgs: 2.12.0 (/home/yide/ros2_tutorial_ws/install/ur_dashboard_msgs/share/ur_dashboard_msgs/cmake)
[0.876s] -- Found ur_msgs: 2.3.0 (/opt/ros/humble/share/ur_msgs/cmake)
[0.899s] -- Found ament_cmake_gmock: 1.3.12 (/opt/ros/humble/share/ament_cmake_gmock/cmake)
[0.900s] -- Found controller_manager: 2.53.0 (/opt/ros/humble/share/controller_manager/cmake)
[0.914s] -- Found ros2_control_test_assets: 2.53.0 (/opt/ros/humble/share/ros2_control_test_assets/cmake)
[0.916s] -- Found gmock sources under '/opt/ros/humble/src/gmock_vendor': C++ tests using 'Google Mock' will be built
[0.919s] -- Found ament_cmake_gtest: 1.3.12 (/opt/ros/humble/share/ament_cmake_gtest/cmake)
[0.920s] -- Found gtest sources under '/opt/ros/humble/src/gtest_vendor': C++ tests using 'Google Test' will be built
[0.960s] -- Configuring done
[0.980s] -- Generating done
[0.987s] -- Build files have been written to: /home/yide/ros2_tutorial_ws/build/ur_controllers
[0.995s] Invoked command in '/home/yide/ros2_tutorial_ws/build/ur_controllers' returned '0': AMENT_PREFIX_PATH=/home/yide/ros2_tutorial_ws/install/ur_dashboard_msgs:${AMENT_PREFIX_PATH} CMAKE_PREFIX_PATH=/home/yide/ros2_tutorial_ws/install/ur_dashboard_msgs:/home/yide/Workspace/robotics-vision-simulation/ros2_ws/install/ur:/home/yide/Workspace/robotics-vision-simulation/ros2_ws/install/ur_calibration:/home/yide/Workspace/robotics-vision-simulation/ros2_ws/install/ur_robot_driver:/home/yide/Workspace/robotics-vision-simulation/ros2_ws/install/ur_moveit_config:/home/yide/Workspace/robotics-vision-simulation/ros2_ws/install/ur_bringup:/home/yide/Workspace/robotics-vision-simulation/ros2_ws/install/ur_controllers:/home/yide/Workspace/robotics-vision-simulation/ros2_ws/install/ur_dashboard_msgs:/home/yide/Workspace/robotics-vision-simulation/ros2_ws/install/robotics_vision_sim:/opt/ros/humble LD_LIBRARY_PATH=/home/yide/ros2_tutorial_ws/install/ur_dashboard_msgs/lib:/usr/local/cuda/lib64:/usr/local/cuda-11.8/lib64:/home/yide/Workspace/robotics-vision-simulation/ros2_ws/install/ur_robot_driver/lib:/home/yide/Workspace/robotics-vision-simulation/ros2_ws/install/ur_controllers/lib:/home/yide/Workspace/robotics-vision-simulation/ros2_ws/install/ur_dashboard_msgs/lib:/usr/lib/x86_64-linux-gnu/gazebo-11/plugins:/opt/ros/humble/opt/rviz_ogre_vendor/lib:/opt/ros/humble/lib/x86_64-linux-gnu:/opt/ros/humble/lib:/usr/local/cuda-11.8/lib64 PS1=\[\e]0;\u@\h: \w\a\]${debian_chroot:+($debian_chroot)}\[\033[01;32m\]\u@\h\[\033[00m\]:\[\033[01;34m\]\w\[\033[00m\]\$ PYTHONPATH=/home/yide/ros2_tutorial_ws/install/ur_dashboard_msgs/local/lib/python3.10/dist-packages:${PYTHONPATH} /usr/bin/cmake /home/yide/ros2_tutorial_ws/src/Universal_Robots_ROS2_Driver/ur_controllers -DCMAKE_INSTALL_PREFIX=/home/yide/ros2_tutorial_ws/install/ur_controllers
[0.997s] Invoking command in '/home/yide/ros2_tutorial_ws/build/ur_controllers': AMENT_PREFIX_PATH=/home/yide/ros2_tutorial_ws/install/ur_dashboard_msgs:${AMENT_PREFIX_PATH} CMAKE_PREFIX_PATH=/home/yide/ros2_tutorial_ws/install/ur_dashboard_msgs:/home/yide/Workspace/robotics-vision-simulation/ros2_ws/install/ur:/home/yide/Workspace/robotics-vision-simulation/ros2_ws/install/ur_calibration:/home/yide/Workspace/robotics-vision-simulation/ros2_ws/install/ur_robot_driver:/home/yide/Workspace/robotics-vision-simulation/ros2_ws/install/ur_moveit_config:/home/yide/Workspace/robotics-vision-simulation/ros2_ws/install/ur_bringup:/home/yide/Workspace/robotics-vision-simulation/ros2_ws/install/ur_controllers:/home/yide/Workspace/robotics-vision-simulation/ros2_ws/install/ur_dashboard_msgs:/home/yide/Workspace/robotics-vision-simulation/ros2_ws/install/robotics_vision_sim:/opt/ros/humble LD_LIBRARY_PATH=/home/yide/ros2_tutorial_ws/install/ur_dashboard_msgs/lib:/usr/local/cuda/lib64:/usr/local/cuda-11.8/lib64:/home/yide/Workspace/robotics-vision-simulation/ros2_ws/install/ur_robot_driver/lib:/home/yide/Workspace/robotics-vision-simulation/ros2_ws/install/ur_controllers/lib:/home/yide/Workspace/robotics-vision-simulation/ros2_ws/install/ur_dashboard_msgs/lib:/usr/lib/x86_64-linux-gnu/gazebo-11/plugins:/opt/ros/humble/opt/rviz_ogre_vendor/lib:/opt/ros/humble/lib/x86_64-linux-gnu:/opt/ros/humble/lib:/usr/local/cuda-11.8/lib64 PS1=\[\e]0;\u@\h: \w\a\]${debian_chroot:+($debian_chroot)}\[\033[01;32m\]\u@\h\[\033[00m\]:\[\033[01;34m\]\w\[\033[00m\]\$ PYTHONPATH=/home/yide/ros2_tutorial_ws/install/ur_dashboard_msgs/local/lib/python3.10/dist-packages:${PYTHONPATH} /usr/bin/cmake --build /home/yide/ros2_tutorial_ws/build/ur_controllers -- -j16 -l16
[1.030s] [  5%] [34m[1mRunning `/opt/ros/humble/bin/generate_parameter_library_cpp /home/yide/ros2_tutorial_ws/build/ur_controllers/include/ur_controllers/speed_scaling_state_broadcaster_parameters.hpp /home/yide/ros2_tutorial_ws/src/Universal_Robots_ROS2_Driver/ur_controllers/src/speed_scaling_state_broadcaster_parameters.yaml `[0m
[1.030s] [  5%] [34m[1mRunning `/opt/ros/humble/bin/generate_parameter_library_cpp /home/yide/ros2_tutorial_ws/build/ur_controllers/include/ur_controllers/gpio_controller_parameters.hpp /home/yide/ros2_tutorial_ws/src/Universal_Robots_ROS2_Driver/ur_controllers/src/gpio_controller_parameters.yaml `[0m
[1.030s] [  8%] [32mBuilding CXX object gmock/CMakeFiles/gmock.dir/opt/ros/humble/src/gtest_vendor/src/gtest-all.cc.o[0m
[1.031s] [ 11%] [34m[1mRunning `/opt/ros/humble/bin/generate_parameter_library_cpp /home/yide/ros2_tutorial_ws/build/ur_controllers/include/ur_controllers/force_mode_controller_parameters.hpp /home/yide/ros2_tutorial_ws/src/Universal_Robots_ROS2_Driver/ur_controllers/src/force_mode_controller_parameters.yaml `[0m
[1.031s] [ 14%] [34m[1mRunning `/opt/ros/humble/bin/generate_parameter_library_cpp /home/yide/ros2_tutorial_ws/build/ur_controllers/include/ur_controllers/ur_configuration_controller_parameters.hpp /home/yide/ros2_tutorial_ws/src/Universal_Robots_ROS2_Driver/ur_controllers/src/ur_configuration_controller_parameters.yaml `[0m
[1.031s] [ 17%] [34m[1mRunning `/opt/ros/humble/bin/generate_parameter_library_cpp /home/yide/ros2_tutorial_ws/build/ur_controllers/include/ur_controllers/scaled_joint_trajectory_controller_parameters.hpp /home/yide/ros2_tutorial_ws/src/Universal_Robots_ROS2_Driver/ur_controllers/src/scaled_joint_trajectory_controller_parameters.yaml `[0m
[1.032s] [ 20%] [32mBuilding CXX object gmock/CMakeFiles/gmock.dir/src/gmock-all.cc.o[0m
[1.032s] [ 23%] [34m[1mRunning `/opt/ros/humble/bin/generate_parameter_library_cpp /home/yide/ros2_tutorial_ws/build/ur_controllers/include/ur_controllers/passthrough_trajectory_controller_parameters.hpp /home/yide/ros2_tutorial_ws/src/Universal_Robots_ROS2_Driver/ur_controllers/src/passthrough_trajectory_controller_parameters.yaml `[0m
[1.034s] [ 26%] [34m[1mRunning `/opt/ros/humble/bin/generate_parameter_library_cpp /home/yide/ros2_tutorial_ws/build/ur_controllers/include/ur_controllers/tool_contact_controller_parameters.hpp /home/yide/ros2_tutorial_ws/src/Universal_Robots_ROS2_Driver/ur_controllers/src/tool_contact_controller_parameters.yaml `[0m
[1.036s] [ 29%] [32mBuilding CXX object gmock/CMakeFiles/gmock_main.dir/src/gmock_main.cc.o[0m
[1.036s] [ 32%] [34m[1mRunning `/opt/ros/humble/bin/generate_parameter_library_cpp /home/yide/ros2_tutorial_ws/build/ur_controllers/include/ur_controllers/freedrive_mode_controller_parameters.hpp /home/yide/ros2_tutorial_ws/src/Universal_Robots_ROS2_Driver/ur_controllers/src/freedrive_mode_controller_parameters.yaml `[0m
[1.128s] [ 35%] [34m[1mCreating deprecated header file /home/yide/ros2_tutorial_ws/build/ur_controllers/include/ur_configuration_controller_parameters.hpp[0m
[1.137s] [ 38%] [34m[1mCreating deprecated header file /home/yide/ros2_tutorial_ws/build/ur_controllers/include/force_mode_controller_parameters.hpp[0m
[1.139s] [ 38%] Built target ur_configuration_controller_parameters
[1.141s] [ 41%] [34m[1mCreating deprecated header file /home/yide/ros2_tutorial_ws/build/ur_controllers/include/gpio_controller_parameters.hpp[0m
[1.147s] [ 41%] Built target force_mode_controller_parameters
[1.152s] [ 41%] Built target gpio_controller_parameters
[1.157s] [ 44%] [34m[1mCreating deprecated header file /home/yide/ros2_tutorial_ws/build/ur_controllers/include/tool_contact_controller_parameters.hpp[0m
[1.160s] [ 47%] [34m[1mCreating deprecated header file /home/yide/ros2_tutorial_ws/build/ur_controllers/include/passthrough_trajectory_controller_parameters.hpp[0m
[1.162s] [ 50%] [34m[1mCreating deprecated header file /home/yide/ros2_tutorial_ws/build/ur_controllers/include/freedrive_mode_controller_parameters.hpp[0m
[1.167s] [ 50%] Built target tool_contact_controller_parameters
[1.172s] [ 50%] Built target passthrough_trajectory_controller_parameters
[1.173s] [ 50%] Built target freedrive_mode_controller_parameters
[1.176s] [ 52%] [34m[1mCreating deprecated header file /home/yide/ros2_tutorial_ws/build/ur_controllers/include/scaled_joint_trajectory_controller_parameters.hpp[0m
[1.189s] [ 52%] Built target scaled_joint_trajectory_controller_parameters
[1.195s] [ 55%] [34m[1mCreating deprecated header file /home/yide/ros2_tutorial_ws/build/ur_controllers/include/speed_scaling_state_broadcaster_parameters.hpp[0m
[1.207s] [ 55%] Built target speed_scaling_state_broadcaster_parameters
[1.223s] [ 64%] [32mBuilding CXX object CMakeFiles/ur_controllers.dir/src/speed_scaling_state_broadcaster.cpp.o[0m
[1.223s] [ 64%] [32mBuilding CXX object CMakeFiles/ur_controllers.dir/src/freedrive_mode_controller.cpp.o[0m
[1.223s] [ 64%] [32mBuilding CXX object CMakeFiles/ur_controllers.dir/src/scaled_joint_trajectory_controller.cpp.o[0m
[1.225s] [ 67%] [32mBuilding CXX object CMakeFiles/ur_controllers.dir/src/gpio_controller.cpp.o[0m
[1.225s] [ 70%] [32mBuilding CXX object CMakeFiles/ur_controllers.dir/src/force_mode_controller.cpp.o[0m
[1.225s] [ 73%] [32mBuilding CXX object CMakeFiles/ur_controllers.dir/src/tool_contact_controller.cpp.o[0m
[1.226s] [ 79%] [32mBuilding CXX object CMakeFiles/ur_controllers.dir/src/passthrough_trajectory_controller.cpp.o[0m
[1.226s] [ 79%] [32mBuilding CXX object CMakeFiles/ur_controllers.dir/src/ur_configuration_controller.cpp.o[0m
[1.794s] [ 82%] [32m[1mLinking CXX static library libgmock_main.a[0m
[1.824s] [ 82%] Built target gmock_main
[4.286s] [ 85%] [32m[1mLinking CXX static library libgmock.a[0m
[4.332s] [ 85%] Built target gmock
[7.047s] [ 88%] [32m[1mLinking CXX shared library libur_controllers.so[0m
[7.838s] [ 88%] Built target ur_controllers
[7.852s] [ 91%] [32mBuilding CXX object CMakeFiles/test_load_force_mode_controller.dir/test/test_load_force_mode_controller.cpp.o[0m
[7.855s] [ 94%] [32mBuilding CXX object CMakeFiles/test_load_freedrive_mode_controller.dir/test/test_load_freedrive_mode_controller.cpp.o[0m
[10.536s] [ 97%] [32m[1mLinking CXX executable test_load_freedrive_mode_controller[0m
[10.562s] [100%] [32m[1mLinking CXX executable test_load_force_mode_controller[0m
[10.719s] [100%] Built target test_load_freedrive_mode_controller
[10.746s] [100%] Built target test_load_force_mode_controller
[10.753s] Invoked command in '/home/yide/ros2_tutorial_ws/build/ur_controllers' returned '0': AMENT_PREFIX_PATH=/home/yide/ros2_tutorial_ws/install/ur_dashboard_msgs:${AMENT_PREFIX_PATH} CMAKE_PREFIX_PATH=/home/yide/ros2_tutorial_ws/install/ur_dashboard_msgs:/home/yide/Workspace/robotics-vision-simulation/ros2_ws/install/ur:/home/yide/Workspace/robotics-vision-simulation/ros2_ws/install/ur_calibration:/home/yide/Workspace/robotics-vision-simulation/ros2_ws/install/ur_robot_driver:/home/yide/Workspace/robotics-vision-simulation/ros2_ws/install/ur_moveit_config:/home/yide/Workspace/robotics-vision-simulation/ros2_ws/install/ur_bringup:/home/yide/Workspace/robotics-vision-simulation/ros2_ws/install/ur_controllers:/home/yide/Workspace/robotics-vision-simulation/ros2_ws/install/ur_dashboard_msgs:/home/yide/Workspace/robotics-vision-simulation/ros2_ws/install/robotics_vision_sim:/opt/ros/humble LD_LIBRARY_PATH=/home/yide/ros2_tutorial_ws/install/ur_dashboard_msgs/lib:/usr/local/cuda/lib64:/usr/local/cuda-11.8/lib64:/home/yide/Workspace/robotics-vision-simulation/ros2_ws/install/ur_robot_driver/lib:/home/yide/Workspace/robotics-vision-simulation/ros2_ws/install/ur_controllers/lib:/home/yide/Workspace/robotics-vision-simulation/ros2_ws/install/ur_dashboard_msgs/lib:/usr/lib/x86_64-linux-gnu/gazebo-11/plugins:/opt/ros/humble/opt/rviz_ogre_vendor/lib:/opt/ros/humble/lib/x86_64-linux-gnu:/opt/ros/humble/lib:/usr/local/cuda-11.8/lib64 PS1=\[\e]0;\u@\h: \w\a\]${debian_chroot:+($debian_chroot)}\[\033[01;32m\]\u@\h\[\033[00m\]:\[\033[01;34m\]\w\[\033[00m\]\$ PYTHONPATH=/home/yide/ros2_tutorial_ws/install/ur_dashboard_msgs/local/lib/python3.10/dist-packages:${PYTHONPATH} /usr/bin/cmake --build /home/yide/ros2_tutorial_ws/build/ur_controllers -- -j16 -l16
[10.754s] Invoking command in '/home/yide/ros2_tutorial_ws/build/ur_controllers': AMENT_PREFIX_PATH=/home/yide/ros2_tutorial_ws/install/ur_dashboard_msgs:${AMENT_PREFIX_PATH} CMAKE_PREFIX_PATH=/home/yide/ros2_tutorial_ws/install/ur_dashboard_msgs:/home/yide/Workspace/robotics-vision-simulation/ros2_ws/install/ur:/home/yide/Workspace/robotics-vision-simulation/ros2_ws/install/ur_calibration:/home/yide/Workspace/robotics-vision-simulation/ros2_ws/install/ur_robot_driver:/home/yide/Workspace/robotics-vision-simulation/ros2_ws/install/ur_moveit_config:/home/yide/Workspace/robotics-vision-simulation/ros2_ws/install/ur_bringup:/home/yide/Workspace/robotics-vision-simulation/ros2_ws/install/ur_controllers:/home/yide/Workspace/robotics-vision-simulation/ros2_ws/install/ur_dashboard_msgs:/home/yide/Workspace/robotics-vision-simulation/ros2_ws/install/robotics_vision_sim:/opt/ros/humble LD_LIBRARY_PATH=/home/yide/ros2_tutorial_ws/install/ur_dashboard_msgs/lib:/usr/local/cuda/lib64:/usr/local/cuda-11.8/lib64:/home/yide/Workspace/robotics-vision-simulation/ros2_ws/install/ur_robot_driver/lib:/home/yide/Workspace/robotics-vision-simulation/ros2_ws/install/ur_controllers/lib:/home/yide/Workspace/robotics-vision-simulation/ros2_ws/install/ur_dashboard_msgs/lib:/usr/lib/x86_64-linux-gnu/gazebo-11/plugins:/opt/ros/humble/opt/rviz_ogre_vendor/lib:/opt/ros/humble/lib/x86_64-linux-gnu:/opt/ros/humble/lib:/usr/local/cuda-11.8/lib64 PS1=\[\e]0;\u@\h: \w\a\]${debian_chroot:+($debian_chroot)}\[\033[01;32m\]\u@\h\[\033[00m\]:\[\033[01;34m\]\w\[\033[00m\]\$ PYTHONPATH=/home/yide/ros2_tutorial_ws/install/ur_dashboard_msgs/local/lib/python3.10/dist-packages:${PYTHONPATH} /usr/bin/cmake --install /home/yide/ros2_tutorial_ws/build/ur_controllers
[10.761s] -- Install configuration: ""
[10.761s] -- Installing: /home/yide/ros2_tutorial_ws/install/ur_controllers/include/ur_controllers
[10.761s] -- Installing: /home/yide/ros2_tutorial_ws/install/ur_controllers/include/ur_controllers/ur_configuration_controller_parameters.hpp
[10.761s] -- Installing: /home/yide/ros2_tutorial_ws/install/ur_controllers/include/ur_controllers/force_mode_controller_parameters.hpp
[10.761s] -- Installing: /home/yide/ros2_tutorial_ws/install/ur_controllers/include/ur_controllers/freedrive_mode_controller_parameters.hpp
[10.761s] -- Installing: /home/yide/ros2_tutorial_ws/install/ur_controllers/include/ur_controllers/scaled_joint_trajectory_controller_parameters.hpp
[10.761s] -- Installing: /home/yide/ros2_tutorial_ws/install/ur_controllers/include/ur_controllers/passthrough_trajectory_controller_parameters.hpp
[10.761s] -- Installing: /home/yide/ros2_tutorial_ws/install/ur_controllers/include/ur_controllers/gpio_controller_parameters.hpp
[10.761s] -- Installing: /home/yide/ros2_tutorial_ws/install/ur_controllers/include/ur_controllers/tool_contact_controller_parameters.hpp
[10.761s] -- Installing: /home/yide/ros2_tutorial_ws/install/ur_controllers/include/ur_controllers/speed_scaling_state_broadcaster_parameters.hpp
[10.761s] -- Up-to-date: /home/yide/ros2_tutorial_ws/install/ur_controllers/include/ur_controllers
[10.761s] -- Up-to-date: /home/yide/ros2_tutorial_ws/install/ur_controllers/include/ur_controllers/ur_configuration_controller_parameters.hpp
[10.761s] -- Up-to-date: /home/yide/ros2_tutorial_ws/install/ur_controllers/include/ur_controllers/force_mode_controller_parameters.hpp
[10.761s] -- Up-to-date: /home/yide/ros2_tutorial_ws/install/ur_controllers/include/ur_controllers/freedrive_mode_controller_parameters.hpp
[10.762s] -- Up-to-date: /home/yide/ros2_tutorial_ws/install/ur_controllers/include/ur_controllers/scaled_joint_trajectory_controller_parameters.hpp
[10.762s] -- Up-to-date: /home/yide/ros2_tutorial_ws/install/ur_controllers/include/ur_controllers/passthrough_trajectory_controller_parameters.hpp
[10.762s] -- Up-to-date: /home/yide/ros2_tutorial_ws/install/ur_controllers/include/ur_controllers/gpio_controller_parameters.hpp
[10.762s] -- Up-to-date: /home/yide/ros2_tutorial_ws/install/ur_controllers/include/ur_controllers/tool_contact_controller_parameters.hpp
[10.762s] -- Up-to-date: /home/yide/ros2_tutorial_ws/install/ur_controllers/include/ur_controllers/speed_scaling_state_broadcaster_parameters.hpp
[10.762s] -- Up-to-date: /home/yide/ros2_tutorial_ws/install/ur_controllers/include/ur_controllers
[10.762s] -- Up-to-date: /home/yide/ros2_tutorial_ws/install/ur_controllers/include/ur_controllers/ur_configuration_controller_parameters.hpp
[10.762s] -- Up-to-date: /home/yide/ros2_tutorial_ws/install/ur_controllers/include/ur_controllers/force_mode_controller_parameters.hpp
[10.762s] -- Up-to-date: /home/yide/ros2_tutorial_ws/install/ur_controllers/include/ur_controllers/freedrive_mode_controller_parameters.hpp
[10.762s] -- Up-to-date: /home/yide/ros2_tutorial_ws/install/ur_controllers/include/ur_controllers/scaled_joint_trajectory_controller_parameters.hpp
[10.762s] -- Up-to-date: /home/yide/ros2_tutorial_ws/install/ur_controllers/include/ur_controllers/passthrough_trajectory_controller_parameters.hpp
[10.762s] -- Up-to-date: /home/yide/ros2_tutorial_ws/install/ur_controllers/include/ur_controllers/gpio_controller_parameters.hpp
[10.762s] -- Up-to-date: /home/yide/ros2_tutorial_ws/install/ur_controllers/include/ur_controllers/tool_contact_controller_parameters.hpp
[10.762s] -- Up-to-date: /home/yide/ros2_tutorial_ws/install/ur_controllers/include/ur_controllers/speed_scaling_state_broadcaster_parameters.hpp
[10.762s] -- Up-to-date: /home/yide/ros2_tutorial_ws/install/ur_controllers/include/ur_controllers
[10.762s] -- Up-to-date: /home/yide/ros2_tutorial_ws/install/ur_controllers/include/ur_controllers/ur_configuration_controller_parameters.hpp
[10.762s] -- Up-to-date: /home/yide/ros2_tutorial_ws/install/ur_controllers/include/ur_controllers/force_mode_controller_parameters.hpp
[10.762s] -- Up-to-date: /home/yide/ros2_tutorial_ws/install/ur_controllers/include/ur_controllers/freedrive_mode_controller_parameters.hpp
[10.762s] -- Up-to-date: /home/yide/ros2_tutorial_ws/install/ur_controllers/include/ur_controllers/scaled_joint_trajectory_controller_parameters.hpp
[10.762s] -- Up-to-date: /home/yide/ros2_tutorial_ws/install/ur_controllers/include/ur_controllers/passthrough_trajectory_controller_parameters.hpp
[10.762s] -- Up-to-date: /home/yide/ros2_tutorial_ws/install/ur_controllers/include/ur_controllers/gpio_controller_parameters.hpp
[10.762s] -- Up-to-date: /home/yide/ros2_tutorial_ws/install/ur_controllers/include/ur_controllers/tool_contact_controller_parameters.hpp
[10.762s] -- Up-to-date: /home/yide/ros2_tutorial_ws/install/ur_controllers/include/ur_controllers/speed_scaling_state_broadcaster_parameters.hpp
[10.762s] -- Up-to-date: /home/yide/ros2_tutorial_ws/install/ur_controllers/include/ur_controllers
[10.762s] -- Up-to-date: /home/yide/ros2_tutorial_ws/install/ur_controllers/include/ur_controllers/ur_configuration_controller_parameters.hpp
[10.762s] -- Up-to-date: /home/yide/ros2_tutorial_ws/install/ur_controllers/include/ur_controllers/force_mode_controller_parameters.hpp
[10.762s] -- Up-to-date: /home/yide/ros2_tutorial_ws/install/ur_controllers/include/ur_controllers/freedrive_mode_controller_parameters.hpp
[10.762s] -- Up-to-date: /home/yide/ros2_tutorial_ws/install/ur_controllers/include/ur_controllers/scaled_joint_trajectory_controller_parameters.hpp
[10.762s] -- Up-to-date: /home/yide/ros2_tutorial_ws/install/ur_controllers/include/ur_controllers/passthrough_trajectory_controller_parameters.hpp
[10.762s] -- Up-to-date: /home/yide/ros2_tutorial_ws/install/ur_controllers/include/ur_controllers/gpio_controller_parameters.hpp
[10.762s] -- Up-to-date: /home/yide/ros2_tutorial_ws/install/ur_controllers/include/ur_controllers/tool_contact_controller_parameters.hpp
[10.762s] -- Up-to-date: /home/yide/ros2_tutorial_ws/install/ur_controllers/include/ur_controllers/speed_scaling_state_broadcaster_parameters.hpp
[10.762s] -- Up-to-date: /home/yide/ros2_tutorial_ws/install/ur_controllers/include/ur_controllers
[10.762s] -- Up-to-date: /home/yide/ros2_tutorial_ws/install/ur_controllers/include/ur_controllers/ur_configuration_controller_parameters.hpp
[10.762s] -- Up-to-date: /home/yide/ros2_tutorial_ws/install/ur_controllers/include/ur_controllers/force_mode_controller_parameters.hpp
[10.762s] -- Up-to-date: /home/yide/ros2_tutorial_ws/install/ur_controllers/include/ur_controllers/freedrive_mode_controller_parameters.hpp
[10.763s] -- Up-to-date: /home/yide/ros2_tutorial_ws/install/ur_controllers/include/ur_controllers/scaled_joint_trajectory_controller_parameters.hpp
[10.763s] -- Up-to-date: /home/yide/ros2_tutorial_ws/install/ur_controllers/include/ur_controllers/passthrough_trajectory_controller_parameters.hpp
[10.763s] -- Up-to-date: /home/yide/ros2_tutorial_ws/install/ur_controllers/include/ur_controllers/gpio_controller_parameters.hpp
[10.763s] -- Up-to-date: /home/yide/ros2_tutorial_ws/install/ur_controllers/include/ur_controllers/tool_contact_controller_parameters.hpp
[10.763s] -- Up-to-date: /home/yide/ros2_tutorial_ws/install/ur_controllers/include/ur_controllers/speed_scaling_state_broadcaster_parameters.hpp
[10.763s] -- Up-to-date: /home/yide/ros2_tutorial_ws/install/ur_controllers/include/ur_controllers
[10.763s] -- Up-to-date: /home/yide/ros2_tutorial_ws/install/ur_controllers/include/ur_controllers/ur_configuration_controller_parameters.hpp
[10.763s] -- Up-to-date: /home/yide/ros2_tutorial_ws/install/ur_controllers/include/ur_controllers/force_mode_controller_parameters.hpp
[10.763s] -- Up-to-date: /home/yide/ros2_tutorial_ws/install/ur_controllers/include/ur_controllers/freedrive_mode_controller_parameters.hpp
[10.763s] -- Up-to-date: /home/yide/ros2_tutorial_ws/install/ur_controllers/include/ur_controllers/scaled_joint_trajectory_controller_parameters.hpp
[10.763s] -- Up-to-date: /home/yide/ros2_tutorial_ws/install/ur_controllers/include/ur_controllers/passthrough_trajectory_controller_parameters.hpp
[10.763s] -- Up-to-date: /home/yide/ros2_tutorial_ws/install/ur_controllers/include/ur_controllers/gpio_controller_parameters.hpp
[10.763s] -- Up-to-date: /home/yide/ros2_tutorial_ws/install/ur_controllers/include/ur_controllers/tool_contact_controller_parameters.hpp
[10.763s] -- Up-to-date: /home/yide/ros2_tutorial_ws/install/ur_controllers/include/ur_controllers/speed_scaling_state_broadcaster_parameters.hpp
[10.763s] -- Up-to-date: /home/yide/ros2_tutorial_ws/install/ur_controllers/include/ur_controllers
[10.763s] -- Up-to-date: /home/yide/ros2_tutorial_ws/install/ur_controllers/include/ur_controllers/ur_configuration_controller_parameters.hpp
[10.763s] -- Up-to-date: /home/yide/ros2_tutorial_ws/install/ur_controllers/include/ur_controllers/force_mode_controller_parameters.hpp
[10.763s] -- Up-to-date: /home/yide/ros2_tutorial_ws/install/ur_controllers/include/ur_controllers/freedrive_mode_controller_parameters.hpp
[10.763s] -- Up-to-date: /home/yide/ros2_tutorial_ws/install/ur_controllers/include/ur_controllers/scaled_joint_trajectory_controller_parameters.hpp
[10.763s] -- Up-to-date: /home/yide/ros2_tutorial_ws/install/ur_controllers/include/ur_controllers/passthrough_trajectory_controller_parameters.hpp
[10.763s] -- Up-to-date: /home/yide/ros2_tutorial_ws/install/ur_controllers/include/ur_controllers/gpio_controller_parameters.hpp
[10.763s] -- Up-to-date: /home/yide/ros2_tutorial_ws/install/ur_controllers/include/ur_controllers/tool_contact_controller_parameters.hpp
[10.763s] -- Up-to-date: /home/yide/ros2_tutorial_ws/install/ur_controllers/include/ur_controllers/speed_scaling_state_broadcaster_parameters.hpp
[10.763s] -- Installing: /home/yide/ros2_tutorial_ws/install/ur_controllers/share/ur_controllers/controller_plugins.xml
[10.763s] -- Installing: /home/yide/ros2_tutorial_ws/install/ur_controllers/lib/libur_controllers.so
[10.771s] -- Set runtime path of "/home/yide/ros2_tutorial_ws/install/ur_controllers/lib/libur_controllers.so" to ""
[10.771s] -- Up-to-date: /home/yide/ros2_tutorial_ws/install/ur_controllers/include
[10.771s] -- Up-to-date: /home/yide/ros2_tutorial_ws/install/ur_controllers/include/ur_controllers
[10.771s] -- Installing: /home/yide/ros2_tutorial_ws/install/ur_controllers/include/ur_controllers/tool_contact_controller.hpp
[10.771s] -- Installing: /home/yide/ros2_tutorial_ws/install/ur_controllers/include/ur_controllers/speed_scaling_state_broadcaster.hpp
[10.771s] -- Installing: /home/yide/ros2_tutorial_ws/install/ur_controllers/include/ur_controllers/force_mode_controller.hpp
[10.771s] -- Installing: /home/yide/ros2_tutorial_ws/install/ur_controllers/include/ur_controllers/freedrive_mode_controller.hpp
[10.771s] -- Installing: /home/yide/ros2_tutorial_ws/install/ur_controllers/include/ur_controllers/gpio_controller.hpp
[10.771s] -- Installing: /home/yide/ros2_tutorial_ws/install/ur_controllers/include/ur_controllers/passthrough_trajectory_controller.hpp
[10.771s] -- Installing: /home/yide/ros2_tutorial_ws/install/ur_controllers/include/ur_controllers/ur_configuration_controller.hpp
[10.771s] -- Installing: /home/yide/ros2_tutorial_ws/install/ur_controllers/include/ur_controllers/scaled_joint_trajectory_controller.hpp
[10.771s] -- Up-to-date: /home/yide/ros2_tutorial_ws/install/ur_controllers/share/ur_controllers/controller_plugins.xml
[10.771s] -- Installing: /home/yide/ros2_tutorial_ws/install/ur_controllers/share/ur_controllers/environment/library_path.sh
[10.771s] -- Installing: /home/yide/ros2_tutorial_ws/install/ur_controllers/share/ur_controllers/environment/library_path.dsv
[10.771s] -- Installing: /home/yide/ros2_tutorial_ws/install/ur_controllers/share/ament_index/resource_index/package_run_dependencies/ur_controllers
[10.771s] -- Installing: /home/yide/ros2_tutorial_ws/install/ur_controllers/share/ament_index/resource_index/parent_prefix_path/ur_controllers
[10.771s] -- Installing: /home/yide/ros2_tutorial_ws/install/ur_controllers/share/ur_controllers/environment/ament_prefix_path.sh
[10.771s] -- Installing: /home/yide/ros2_tutorial_ws/install/ur_controllers/share/ur_controllers/environment/ament_prefix_path.dsv
[10.771s] -- Installing: /home/yide/ros2_tutorial_ws/install/ur_controllers/share/ur_controllers/environment/path.sh
[10.771s] -- Installing: /home/yide/ros2_tutorial_ws/install/ur_controllers/share/ur_controllers/environment/path.dsv
[10.771s] -- Installing: /home/yide/ros2_tutorial_ws/install/ur_controllers/share/ur_controllers/local_setup.bash
[10.772s] -- Installing: /home/yide/ros2_tutorial_ws/install/ur_controllers/share/ur_controllers/local_setup.sh
[10.772s] -- Installing: /home/yide/ros2_tutorial_ws/install/ur_controllers/share/ur_controllers/local_setup.zsh
[10.772s] -- Installing: /home/yide/ros2_tutorial_ws/install/ur_controllers/share/ur_controllers/local_setup.dsv
[10.772s] -- Installing: /home/yide/ros2_tutorial_ws/install/ur_controllers/share/ur_controllers/package.dsv
[10.772s] -- Installing: /home/yide/ros2_tutorial_ws/install/ur_controllers/share/ament_index/resource_index/packages/ur_controllers
[10.772s] -- Installing: /home/yide/ros2_tutorial_ws/install/ur_controllers/share/ament_index/resource_index/controller_interface__pluginlib__plugin/ur_controllers
[10.772s] -- Installing: /home/yide/ros2_tutorial_ws/install/ur_controllers/share/ur_controllers/cmake/ament_cmake_export_dependencies-extras.cmake
[10.772s] -- Installing: /home/yide/ros2_tutorial_ws/install/ur_controllers/share/ur_controllers/cmake/ament_cmake_export_include_directories-extras.cmake
[10.772s] -- Installing: /home/yide/ros2_tutorial_ws/install/ur_controllers/share/ur_controllers/cmake/ament_cmake_export_libraries-extras.cmake
[10.772s] -- Installing: /home/yide/ros2_tutorial_ws/install/ur_controllers/share/ur_controllers/cmake/ur_controllersConfig.cmake
[10.772s] -- Installing: /home/yide/ros2_tutorial_ws/install/ur_controllers/share/ur_controllers/cmake/ur_controllersConfig-version.cmake
[10.772s] -- Installing: /home/yide/ros2_tutorial_ws/install/ur_controllers/share/ur_controllers/package.xml
[10.773s] Invoked command in '/home/yide/ros2_tutorial_ws/build/ur_controllers' returned '0': AMENT_PREFIX_PATH=/home/yide/ros2_tutorial_ws/install/ur_dashboard_msgs:${AMENT_PREFIX_PATH} CMAKE_PREFIX_PATH=/home/yide/ros2_tutorial_ws/install/ur_dashboard_msgs:/home/yide/Workspace/robotics-vision-simulation/ros2_ws/install/ur:/home/yide/Workspace/robotics-vision-simulation/ros2_ws/install/ur_calibration:/home/yide/Workspace/robotics-vision-simulation/ros2_ws/install/ur_robot_driver:/home/yide/Workspace/robotics-vision-simulation/ros2_ws/install/ur_moveit_config:/home/yide/Workspace/robotics-vision-simulation/ros2_ws/install/ur_bringup:/home/yide/Workspace/robotics-vision-simulation/ros2_ws/install/ur_controllers:/home/yide/Workspace/robotics-vision-simulation/ros2_ws/install/ur_dashboard_msgs:/home/yide/Workspace/robotics-vision-simulation/ros2_ws/install/robotics_vision_sim:/opt/ros/humble LD_LIBRARY_PATH=/home/yide/ros2_tutorial_ws/install/ur_dashboard_msgs/lib:/usr/local/cuda/lib64:/usr/local/cuda-11.8/lib64:/home/yide/Workspace/robotics-vision-simulation/ros2_ws/install/ur_robot_driver/lib:/home/yide/Workspace/robotics-vision-simulation/ros2_ws/install/ur_controllers/lib:/home/yide/Workspace/robotics-vision-simulation/ros2_ws/install/ur_dashboard_msgs/lib:/usr/lib/x86_64-linux-gnu/gazebo-11/plugins:/opt/ros/humble/opt/rviz_ogre_vendor/lib:/opt/ros/humble/lib/x86_64-linux-gnu:/opt/ros/humble/lib:/usr/local/cuda-11.8/lib64 PS1=\[\e]0;\u@\h: \w\a\]${debian_chroot:+($debian_chroot)}\[\033[01;32m\]\u@\h\[\033[00m\]:\[\033[01;34m\]\w\[\033[00m\]\$ PYTHONPATH=/home/yide/ros2_tutorial_ws/install/ur_dashboard_msgs/local/lib/python3.10/dist-packages:${PYTHONPATH} /usr/bin/cmake --install /home/yide/ros2_tutorial_ws/build/ur_controllers
