running egg_info
writing ../../build/ur3e_basics/ur3e_basics.egg-info/PKG-INFO
writing dependency_links to ../../build/ur3e_basics/ur3e_basics.egg-info/dependency_links.txt
writing entry points to ../../build/ur3e_basics/ur3e_basics.egg-info/entry_points.txt
writing requirements to ../../build/ur3e_basics/ur3e_basics.egg-info/requires.txt
writing top-level names to ../../build/ur3e_basics/ur3e_basics.egg-info/top_level.txt
reading manifest file '../../build/ur3e_basics/ur3e_basics.egg-info/SOURCES.txt'
writing manifest file '../../build/ur3e_basics/ur3e_basics.egg-info/SOURCES.txt'
running build
running build_py
copying ur3e_basics/joint_commander.py -> /home/yide/ros2_tutorial_ws/build/ur3e_basics/build/lib/ur3e_basics
running install
running install_lib
copying /home/yide/ros2_tutorial_ws/build/ur3e_basics/build/lib/ur3e_basics/joint_commander.py -> /home/yide/ros2_tutorial_ws/install/ur3e_basics/lib/python3.10/site-packages/ur3e_basics
byte-compiling /home/yide/ros2_tutorial_ws/install/ur3e_basics/lib/python3.10/site-packages/ur3e_basics/joint_commander.py to joint_commander.cpython-310.pyc
running install_data
running install_egg_info
removing '/home/yide/ros2_tutorial_ws/install/ur3e_basics/lib/python3.10/site-packages/ur3e_basics-0.0.0-py3.10.egg-info' (and everything under it)
Copying ../../build/ur3e_basics/ur3e_basics.egg-info to /home/yide/ros2_tutorial_ws/install/ur3e_basics/lib/python3.10/site-packages/ur3e_basics-0.0.0-py3.10.egg-info
running install_scripts
Installing joint_commander script to /home/yide/ros2_tutorial_ws/install/ur3e_basics/lib/ur3e_basics
Installing joint_listener script to /home/yide/ros2_tutorial_ws/install/ur3e_basics/lib/ur3e_basics
writing list of installed files to '/home/yide/ros2_tutorial_ws/build/ur3e_basics/install.log'
