[0.375s] Invoking command in '/home/yide/ros2_tutorial_ws/src/ur3e_basics': PYTHONPATH=/home/yide/ros2_tutorial_ws/build/ur3e_basics/prefix_override:/usr/lib/python3/dist-packages/colcon_core/task/python/colcon_distutils_commands:/home/yide/ros2_tutorial_ws/install/ur3e_basics/lib/python3.10/site-packages:${PYTHONPATH} /usr/bin/python3 -W ignore:setup.py install is deprecated -W ignore:easy_install command is deprecated setup.py egg_info --egg-base ../../build/ur3e_basics build --build-base /home/yide/ros2_tutorial_ws/build/ur3e_basics/build install --record /home/yide/ros2_tutorial_ws/build/ur3e_basics/install.log --single-version-externally-managed install_data
[0.503s] running egg_info
[0.503s] writing ../../build/ur3e_basics/ur3e_basics.egg-info/PKG-INFO
[0.503s] writing dependency_links to ../../build/ur3e_basics/ur3e_basics.egg-info/dependency_links.txt
[0.503s] writing entry points to ../../build/ur3e_basics/ur3e_basics.egg-info/entry_points.txt
[0.504s] writing requirements to ../../build/ur3e_basics/ur3e_basics.egg-info/requires.txt
[0.504s] writing top-level names to ../../build/ur3e_basics/ur3e_basics.egg-info/top_level.txt
[0.505s] reading manifest file '../../build/ur3e_basics/ur3e_basics.egg-info/SOURCES.txt'
[0.512s] writing manifest file '../../build/ur3e_basics/ur3e_basics.egg-info/SOURCES.txt'
[0.512s] running build
[0.513s] running build_py
[0.513s] running install
[0.513s] running install_lib
[0.513s] running install_data
[0.513s] creating /home/yide/ros2_tutorial_ws/install/ur3e_basics/share/ur3e_basics/launch
[0.513s] copying launch/demo.launch.py -> /home/yide/ros2_tutorial_ws/install/ur3e_basics/share/ur3e_basics/launch
[0.513s] running install_egg_info
[0.514s] removing '/home/yide/ros2_tutorial_ws/install/ur3e_basics/lib/python3.10/site-packages/ur3e_basics-0.0.0-py3.10.egg-info' (and everything under it)
[0.514s] Copying ../../build/ur3e_basics/ur3e_basics.egg-info to /home/yide/ros2_tutorial_ws/install/ur3e_basics/lib/python3.10/site-packages/ur3e_basics-0.0.0-py3.10.egg-info
[0.515s] running install_scripts
[0.526s] Installing joint_commander script to /home/yide/ros2_tutorial_ws/install/ur3e_basics/lib/ur3e_basics
[0.526s] Installing joint_listener script to /home/yide/ros2_tutorial_ws/install/ur3e_basics/lib/ur3e_basics
[0.526s] writing list of installed files to '/home/yide/ros2_tutorial_ws/build/ur3e_basics/install.log'
[0.540s] Invoked command in '/home/yide/ros2_tutorial_ws/src/ur3e_basics' returned '0': PYTHONPATH=/home/yide/ros2_tutorial_ws/build/ur3e_basics/prefix_override:/usr/lib/python3/dist-packages/colcon_core/task/python/colcon_distutils_commands:/home/yide/ros2_tutorial_ws/install/ur3e_basics/lib/python3.10/site-packages:${PYTHONPATH} /usr/bin/python3 -W ignore:setup.py install is deprecated -W ignore:easy_install command is deprecated setup.py egg_info --egg-base ../../build/ur3e_basics build --build-base /home/yide/ros2_tutorial_ws/build/ur3e_basics/build install --record /home/yide/ros2_tutorial_ws/build/ur3e_basics/install.log --single-version-externally-managed install_data
