[0.010s] Invoking command in '/home/yide/ros2_tutorial_ws/build/ur_calibration': AMENT_PREFIX_PATH=/home/yide/ros2_tutorial_ws/install/ur_robot_driver:/home/yide/ros2_tutorial_ws/install/ur_controllers:/home/yide/ros2_tutorial_ws/install/ur_dashboard_msgs:${AMENT_PREFIX_PATH} CMAKE_PREFIX_PATH=/home/yide/ros2_tutorial_ws/install/ur_robot_driver:/home/yide/ros2_tutorial_ws/install/ur_controllers:/home/yide/ros2_tutorial_ws/install/ur_dashboard_msgs:/home/yide/Workspace/robotics-vision-simulation/ros2_ws/install/ur:/home/yide/Workspace/robotics-vision-simulation/ros2_ws/install/ur_calibration:/home/yide/Workspace/robotics-vision-simulation/ros2_ws/install/ur_robot_driver:/home/yide/Workspace/robotics-vision-simulation/ros2_ws/install/ur_moveit_config:/home/yide/Workspace/robotics-vision-simulation/ros2_ws/install/ur_bringup:/home/yide/Workspace/robotics-vision-simulation/ros2_ws/install/ur_controllers:/home/yide/Workspace/robotics-vision-simulation/ros2_ws/install/ur_dashboard_msgs:/home/yide/Workspace/robotics-vision-simulation/ros2_ws/install/robotics_vision_sim:/opt/ros/humble LD_LIBRARY_PATH=/home/yide/ros2_tutorial_ws/install/ur_robot_driver/lib:/home/yide/ros2_tutorial_ws/install/ur_controllers/lib:/home/yide/ros2_tutorial_ws/install/ur_dashboard_msgs/lib:/usr/local/cuda/lib64:/usr/local/cuda-11.8/lib64:/home/yide/Workspace/robotics-vision-simulation/ros2_ws/install/ur_robot_driver/lib:/home/yide/Workspace/robotics-vision-simulation/ros2_ws/install/ur_controllers/lib:/home/yide/Workspace/robotics-vision-simulation/ros2_ws/install/ur_dashboard_msgs/lib:/usr/lib/x86_64-linux-gnu/gazebo-11/plugins:/opt/ros/humble/opt/rviz_ogre_vendor/lib:/opt/ros/humble/lib/x86_64-linux-gnu:/opt/ros/humble/lib:/usr/local/cuda-11.8/lib64 PATH=/home/yide/ros2_tutorial_ws/install/ur_robot_driver/bin:${PATH} PS1=\[\e]0;\u@\h: \w\a\]${debian_chroot:+($debian_chroot)}\[\033[01;32m\]\u@\h\[\033[00m\]:\[\033[01;34m\]\w\[\033[00m\]\$ PYTHONPATH=/home/yide/ros2_tutorial_ws/install/ur_robot_driver/local/lib/python3.10/dist-packages:/home/yide/ros2_tutorial_ws/install/ur_dashboard_msgs/local/lib/python3.10/dist-packages:${PYTHONPATH} /usr/bin/cmake /home/yide/ros2_tutorial_ws/src/Universal_Robots_ROS2_Driver/ur_calibration -DCMAKE_INSTALL_PREFIX=/home/yide/ros2_tutorial_ws/install/ur_calibration
[0.048s] -- The C compiler identification is GNU 11.4.0
[0.082s] -- The CXX compiler identification is GNU 11.4.0
[0.086s] -- Detecting C compiler ABI info
[0.130s] -- Detecting C compiler ABI info - done
[0.134s] -- Check for working C compiler: /usr/bin/cc - skipped
[0.134s] -- Detecting C compile features
[0.135s] -- Detecting C compile features - done
[0.136s] -- Detecting CXX compiler ABI info
[0.189s] -- Detecting CXX compiler ABI info - done
[0.194s] -- Check for working CXX compiler: /usr/bin/c++ - skipped
[0.194s] -- Detecting CXX compile features
[0.195s] -- Detecting CXX compile features - done
[0.195s] [0mur_calibration: You did not request a specific build type: selecting 'RelWithDebInfo'.[0m
[0.196s] -- Found ament_cmake: 1.3.12 (/opt/ros/humble/share/ament_cmake/cmake)
[0.288s] -- Found Python3: /usr/bin/python3 (found version "3.10.12") found components: Interpreter 
[0.348s] -- Found rclcpp: 16.0.17 (/opt/ros/humble/share/rclcpp/cmake)
[0.376s] -- Found rosidl_generator_c: 3.1.8 (/opt/ros/humble/share/rosidl_generator_c/cmake)
[0.379s] -- Found rosidl_adapter: 3.1.8 (/opt/ros/humble/share/rosidl_adapter/cmake)
[0.384s] -- Found rosidl_generator_cpp: 3.1.8 (/opt/ros/humble/share/rosidl_generator_cpp/cmake)
[0.391s] -- Using all available rosidl_typesupport_c: rosidl_typesupport_fastrtps_c;rosidl_typesupport_introspection_c
[0.401s] -- Using all available rosidl_typesupport_cpp: rosidl_typesupport_fastrtps_cpp;rosidl_typesupport_introspection_cpp
[0.427s] -- Found rmw_implementation_cmake: 6.1.2 (/opt/ros/humble/share/rmw_implementation_cmake/cmake)
[0.429s] -- Found rmw_fastrtps_cpp: 6.2.9 (/opt/ros/humble/share/rmw_fastrtps_cpp/cmake)
[0.488s] -- Found OpenSSL: /usr/lib/x86_64-linux-gnu/libcrypto.so (found version "3.0.2")  
[0.508s] -- Found FastRTPS: /opt/ros/humble/include  
[0.534s] -- Using RMW implementation 'rmw_fastrtps_cpp' as default
[0.539s] -- Looking for pthread.h
[0.584s] -- Looking for pthread.h - found
[0.584s] -- Performing Test CMAKE_HAVE_LIBC_PTHREAD
[0.633s] -- Performing Test CMAKE_HAVE_LIBC_PTHREAD - Success
[0.634s] -- Found Threads: TRUE  
[0.663s] -- Found ur_robot_driver: 2.12.0 (/home/yide/ros2_tutorial_ws/install/ur_robot_driver/share/ur_robot_driver/cmake)
[0.786s] -- Found eigen3_cmake_module: 0.1.1 (/opt/ros/humble/share/eigen3_cmake_module/cmake)
[0.787s] -- Found Eigen3: TRUE (found version "3.4.0") 
[0.787s] -- Ensuring Eigen3 include directory is part of orocos-kdl CMake target
[0.854s] -- Found yaml_cpp_vendor: 8.0.2 (/opt/ros/humble/share/yaml_cpp_vendor/cmake)
[0.873s] -- Found ament_cmake_gmock: 1.3.12 (/opt/ros/humble/share/ament_cmake_gmock/cmake)
[0.875s] -- Found gmock sources under '/opt/ros/humble/src/gmock_vendor': C++ tests using 'Google Mock' will be built
[0.878s] -- Found ament_cmake_gtest: 1.3.12 (/opt/ros/humble/share/ament_cmake_gtest/cmake)
[0.878s] -- Found gtest sources under '/opt/ros/humble/src/gtest_vendor': C++ tests using 'Google Test' will be built
[0.918s] -- Configuring done
[0.958s] -- Generating done
[0.965s] -- Build files have been written to: /home/yide/ros2_tutorial_ws/build/ur_calibration
[0.972s] Invoked command in '/home/yide/ros2_tutorial_ws/build/ur_calibration' returned '0': AMENT_PREFIX_PATH=/home/yide/ros2_tutorial_ws/install/ur_robot_driver:/home/yide/ros2_tutorial_ws/install/ur_controllers:/home/yide/ros2_tutorial_ws/install/ur_dashboard_msgs:${AMENT_PREFIX_PATH} CMAKE_PREFIX_PATH=/home/yide/ros2_tutorial_ws/install/ur_robot_driver:/home/yide/ros2_tutorial_ws/install/ur_controllers:/home/yide/ros2_tutorial_ws/install/ur_dashboard_msgs:/home/yide/Workspace/robotics-vision-simulation/ros2_ws/install/ur:/home/yide/Workspace/robotics-vision-simulation/ros2_ws/install/ur_calibration:/home/yide/Workspace/robotics-vision-simulation/ros2_ws/install/ur_robot_driver:/home/yide/Workspace/robotics-vision-simulation/ros2_ws/install/ur_moveit_config:/home/yide/Workspace/robotics-vision-simulation/ros2_ws/install/ur_bringup:/home/yide/Workspace/robotics-vision-simulation/ros2_ws/install/ur_controllers:/home/yide/Workspace/robotics-vision-simulation/ros2_ws/install/ur_dashboard_msgs:/home/yide/Workspace/robotics-vision-simulation/ros2_ws/install/robotics_vision_sim:/opt/ros/humble LD_LIBRARY_PATH=/home/yide/ros2_tutorial_ws/install/ur_robot_driver/lib:/home/yide/ros2_tutorial_ws/install/ur_controllers/lib:/home/yide/ros2_tutorial_ws/install/ur_dashboard_msgs/lib:/usr/local/cuda/lib64:/usr/local/cuda-11.8/lib64:/home/yide/Workspace/robotics-vision-simulation/ros2_ws/install/ur_robot_driver/lib:/home/yide/Workspace/robotics-vision-simulation/ros2_ws/install/ur_controllers/lib:/home/yide/Workspace/robotics-vision-simulation/ros2_ws/install/ur_dashboard_msgs/lib:/usr/lib/x86_64-linux-gnu/gazebo-11/plugins:/opt/ros/humble/opt/rviz_ogre_vendor/lib:/opt/ros/humble/lib/x86_64-linux-gnu:/opt/ros/humble/lib:/usr/local/cuda-11.8/lib64 PATH=/home/yide/ros2_tutorial_ws/install/ur_robot_driver/bin:${PATH} PS1=\[\e]0;\u@\h: \w\a\]${debian_chroot:+($debian_chroot)}\[\033[01;32m\]\u@\h\[\033[00m\]:\[\033[01;34m\]\w\[\033[00m\]\$ PYTHONPATH=/home/yide/ros2_tutorial_ws/install/ur_robot_driver/local/lib/python3.10/dist-packages:/home/yide/ros2_tutorial_ws/install/ur_dashboard_msgs/local/lib/python3.10/dist-packages:${PYTHONPATH} /usr/bin/cmake /home/yide/ros2_tutorial_ws/src/Universal_Robots_ROS2_Driver/ur_calibration -DCMAKE_INSTALL_PREFIX=/home/yide/ros2_tutorial_ws/install/ur_calibration
[0.973s] Invoking command in '/home/yide/ros2_tutorial_ws/build/ur_calibration': AMENT_PREFIX_PATH=/home/yide/ros2_tutorial_ws/install/ur_robot_driver:/home/yide/ros2_tutorial_ws/install/ur_controllers:/home/yide/ros2_tutorial_ws/install/ur_dashboard_msgs:${AMENT_PREFIX_PATH} CMAKE_PREFIX_PATH=/home/yide/ros2_tutorial_ws/install/ur_robot_driver:/home/yide/ros2_tutorial_ws/install/ur_controllers:/home/yide/ros2_tutorial_ws/install/ur_dashboard_msgs:/home/yide/Workspace/robotics-vision-simulation/ros2_ws/install/ur:/home/yide/Workspace/robotics-vision-simulation/ros2_ws/install/ur_calibration:/home/yide/Workspace/robotics-vision-simulation/ros2_ws/install/ur_robot_driver:/home/yide/Workspace/robotics-vision-simulation/ros2_ws/install/ur_moveit_config:/home/yide/Workspace/robotics-vision-simulation/ros2_ws/install/ur_bringup:/home/yide/Workspace/robotics-vision-simulation/ros2_ws/install/ur_controllers:/home/yide/Workspace/robotics-vision-simulation/ros2_ws/install/ur_dashboard_msgs:/home/yide/Workspace/robotics-vision-simulation/ros2_ws/install/robotics_vision_sim:/opt/ros/humble LD_LIBRARY_PATH=/home/yide/ros2_tutorial_ws/install/ur_robot_driver/lib:/home/yide/ros2_tutorial_ws/install/ur_controllers/lib:/home/yide/ros2_tutorial_ws/install/ur_dashboard_msgs/lib:/usr/local/cuda/lib64:/usr/local/cuda-11.8/lib64:/home/yide/Workspace/robotics-vision-simulation/ros2_ws/install/ur_robot_driver/lib:/home/yide/Workspace/robotics-vision-simulation/ros2_ws/install/ur_controllers/lib:/home/yide/Workspace/robotics-vision-simulation/ros2_ws/install/ur_dashboard_msgs/lib:/usr/lib/x86_64-linux-gnu/gazebo-11/plugins:/opt/ros/humble/opt/rviz_ogre_vendor/lib:/opt/ros/humble/lib/x86_64-linux-gnu:/opt/ros/humble/lib:/usr/local/cuda-11.8/lib64 PATH=/home/yide/ros2_tutorial_ws/install/ur_robot_driver/bin:${PATH} PS1=\[\e]0;\u@\h: \w\a\]${debian_chroot:+($debian_chroot)}\[\033[01;32m\]\u@\h\[\033[00m\]:\[\033[01;34m\]\w\[\033[00m\]\$ PYTHONPATH=/home/yide/ros2_tutorial_ws/install/ur_robot_driver/local/lib/python3.10/dist-packages:/home/yide/ros2_tutorial_ws/install/ur_dashboard_msgs/local/lib/python3.10/dist-packages:${PYTHONPATH} /usr/bin/cmake --build /home/yide/ros2_tutorial_ws/build/ur_calibration -- -j16 -l16
[1.008s] [  8%] [32mBuilding CXX object gmock/CMakeFiles/gmock_main.dir/src/gmock_main.cc.o[0m
[1.009s] [ 25%] [32mBuilding CXX object CMakeFiles/calibration.dir/src/calibration.cpp.o[0m
[1.009s] [ 25%] [32mBuilding CXX object CMakeFiles/calibration.dir/src/calibration_consumer.cpp.o[0m
[1.009s] [ 33%] [32mBuilding CXX object gmock/CMakeFiles/gmock.dir/src/gmock-all.cc.o[0m
[1.009s] [ 41%] [32mBuilding CXX object gmock/CMakeFiles/gmock.dir/opt/ros/humble/src/gtest_vendor/src/gtest-all.cc.o[0m
[1.716s] [ 50%] [32m[1mLinking CXX static library libgmock_main.a[0m
[1.742s] [ 50%] Built target gmock_main
[5.866s] [ 58%] [32m[1mLinking CXX static library libcalibration.a[0m
[5.914s] [ 58%] Built target calibration
[5.928s] [ 66%] [32mBuilding CXX object CMakeFiles/calibration_correction.dir/src/calibration_correction.cpp.o[0m
[6.229s] [ 75%] [32m[1mLinking CXX static library libgmock.a[0m
[6.282s] [ 75%] Built target gmock
[6.298s] [ 83%] [32mBuilding CXX object CMakeFiles/calibration_test.dir/test/calibration_test.cpp.o[0m
[9.471s] [ 91%] [32m[1mLinking CXX executable calibration_correction[0m
[9.704s] [ 91%] Built target calibration_correction
[10.822s] [100%] [32m[1mLinking CXX executable calibration_test[0m
[11.023s] [100%] Built target calibration_test
[11.033s] Invoked command in '/home/yide/ros2_tutorial_ws/build/ur_calibration' returned '0': AMENT_PREFIX_PATH=/home/yide/ros2_tutorial_ws/install/ur_robot_driver:/home/yide/ros2_tutorial_ws/install/ur_controllers:/home/yide/ros2_tutorial_ws/install/ur_dashboard_msgs:${AMENT_PREFIX_PATH} CMAKE_PREFIX_PATH=/home/yide/ros2_tutorial_ws/install/ur_robot_driver:/home/yide/ros2_tutorial_ws/install/ur_controllers:/home/yide/ros2_tutorial_ws/install/ur_dashboard_msgs:/home/yide/Workspace/robotics-vision-simulation/ros2_ws/install/ur:/home/yide/Workspace/robotics-vision-simulation/ros2_ws/install/ur_calibration:/home/yide/Workspace/robotics-vision-simulation/ros2_ws/install/ur_robot_driver:/home/yide/Workspace/robotics-vision-simulation/ros2_ws/install/ur_moveit_config:/home/yide/Workspace/robotics-vision-simulation/ros2_ws/install/ur_bringup:/home/yide/Workspace/robotics-vision-simulation/ros2_ws/install/ur_controllers:/home/yide/Workspace/robotics-vision-simulation/ros2_ws/install/ur_dashboard_msgs:/home/yide/Workspace/robotics-vision-simulation/ros2_ws/install/robotics_vision_sim:/opt/ros/humble LD_LIBRARY_PATH=/home/yide/ros2_tutorial_ws/install/ur_robot_driver/lib:/home/yide/ros2_tutorial_ws/install/ur_controllers/lib:/home/yide/ros2_tutorial_ws/install/ur_dashboard_msgs/lib:/usr/local/cuda/lib64:/usr/local/cuda-11.8/lib64:/home/yide/Workspace/robotics-vision-simulation/ros2_ws/install/ur_robot_driver/lib:/home/yide/Workspace/robotics-vision-simulation/ros2_ws/install/ur_controllers/lib:/home/yide/Workspace/robotics-vision-simulation/ros2_ws/install/ur_dashboard_msgs/lib:/usr/lib/x86_64-linux-gnu/gazebo-11/plugins:/opt/ros/humble/opt/rviz_ogre_vendor/lib:/opt/ros/humble/lib/x86_64-linux-gnu:/opt/ros/humble/lib:/usr/local/cuda-11.8/lib64 PATH=/home/yide/ros2_tutorial_ws/install/ur_robot_driver/bin:${PATH} PS1=\[\e]0;\u@\h: \w\a\]${debian_chroot:+($debian_chroot)}\[\033[01;32m\]\u@\h\[\033[00m\]:\[\033[01;34m\]\w\[\033[00m\]\$ PYTHONPATH=/home/yide/ros2_tutorial_ws/install/ur_robot_driver/local/lib/python3.10/dist-packages:/home/yide/ros2_tutorial_ws/install/ur_dashboard_msgs/local/lib/python3.10/dist-packages:${PYTHONPATH} /usr/bin/cmake --build /home/yide/ros2_tutorial_ws/build/ur_calibration -- -j16 -l16
[11.034s] Invoking command in '/home/yide/ros2_tutorial_ws/build/ur_calibration': AMENT_PREFIX_PATH=/home/yide/ros2_tutorial_ws/install/ur_robot_driver:/home/yide/ros2_tutorial_ws/install/ur_controllers:/home/yide/ros2_tutorial_ws/install/ur_dashboard_msgs:${AMENT_PREFIX_PATH} CMAKE_PREFIX_PATH=/home/yide/ros2_tutorial_ws/install/ur_robot_driver:/home/yide/ros2_tutorial_ws/install/ur_controllers:/home/yide/ros2_tutorial_ws/install/ur_dashboard_msgs:/home/yide/Workspace/robotics-vision-simulation/ros2_ws/install/ur:/home/yide/Workspace/robotics-vision-simulation/ros2_ws/install/ur_calibration:/home/yide/Workspace/robotics-vision-simulation/ros2_ws/install/ur_robot_driver:/home/yide/Workspace/robotics-vision-simulation/ros2_ws/install/ur_moveit_config:/home/yide/Workspace/robotics-vision-simulation/ros2_ws/install/ur_bringup:/home/yide/Workspace/robotics-vision-simulation/ros2_ws/install/ur_controllers:/home/yide/Workspace/robotics-vision-simulation/ros2_ws/install/ur_dashboard_msgs:/home/yide/Workspace/robotics-vision-simulation/ros2_ws/install/robotics_vision_sim:/opt/ros/humble LD_LIBRARY_PATH=/home/yide/ros2_tutorial_ws/install/ur_robot_driver/lib:/home/yide/ros2_tutorial_ws/install/ur_controllers/lib:/home/yide/ros2_tutorial_ws/install/ur_dashboard_msgs/lib:/usr/local/cuda/lib64:/usr/local/cuda-11.8/lib64:/home/yide/Workspace/robotics-vision-simulation/ros2_ws/install/ur_robot_driver/lib:/home/yide/Workspace/robotics-vision-simulation/ros2_ws/install/ur_controllers/lib:/home/yide/Workspace/robotics-vision-simulation/ros2_ws/install/ur_dashboard_msgs/lib:/usr/lib/x86_64-linux-gnu/gazebo-11/plugins:/opt/ros/humble/opt/rviz_ogre_vendor/lib:/opt/ros/humble/lib/x86_64-linux-gnu:/opt/ros/humble/lib:/usr/local/cuda-11.8/lib64 PATH=/home/yide/ros2_tutorial_ws/install/ur_robot_driver/bin:${PATH} PS1=\[\e]0;\u@\h: \w\a\]${debian_chroot:+($debian_chroot)}\[\033[01;32m\]\u@\h\[\033[00m\]:\[\033[01;34m\]\w\[\033[00m\]\$ PYTHONPATH=/home/yide/ros2_tutorial_ws/install/ur_robot_driver/local/lib/python3.10/dist-packages:/home/yide/ros2_tutorial_ws/install/ur_dashboard_msgs/local/lib/python3.10/dist-packages:${PYTHONPATH} /usr/bin/cmake --install /home/yide/ros2_tutorial_ws/build/ur_calibration
[11.039s] -- Install configuration: "RelWithDebInfo"
[11.039s] -- Installing: /home/yide/ros2_tutorial_ws/install/ur_calibration/lib/ur_calibration/calibration_correction
[11.042s] -- Set runtime path of "/home/yide/ros2_tutorial_ws/install/ur_calibration/lib/ur_calibration/calibration_correction" to ""
[11.042s] -- Installing: /home/yide/ros2_tutorial_ws/install/ur_calibration/include
[11.042s] -- Installing: /home/yide/ros2_tutorial_ws/install/ur_calibration/include/ur_calibration
[11.042s] -- Installing: /home/yide/ros2_tutorial_ws/install/ur_calibration/include/ur_calibration/calibration_consumer.hpp
[11.042s] -- Installing: /home/yide/ros2_tutorial_ws/install/ur_calibration/include/ur_calibration/calibration.hpp
[11.042s] -- Installing: /home/yide/ros2_tutorial_ws/install/ur_calibration/share/ur_calibration/launch
[11.042s] -- Installing: /home/yide/ros2_tutorial_ws/install/ur_calibration/share/ur_calibration/launch/calibration_correction.launch.py
[11.042s] -- Installing: /home/yide/ros2_tutorial_ws/install/ur_calibration/share/ament_index/resource_index/package_run_dependencies/ur_calibration
[11.042s] -- Installing: /home/yide/ros2_tutorial_ws/install/ur_calibration/share/ament_index/resource_index/parent_prefix_path/ur_calibration
[11.042s] -- Installing: /home/yide/ros2_tutorial_ws/install/ur_calibration/share/ur_calibration/environment/ament_prefix_path.sh
[11.043s] -- Installing: /home/yide/ros2_tutorial_ws/install/ur_calibration/share/ur_calibration/environment/ament_prefix_path.dsv
[11.043s] -- Installing: /home/yide/ros2_tutorial_ws/install/ur_calibration/share/ur_calibration/environment/path.sh
[11.043s] -- Installing: /home/yide/ros2_tutorial_ws/install/ur_calibration/share/ur_calibration/environment/path.dsv
[11.043s] -- Installing: /home/yide/ros2_tutorial_ws/install/ur_calibration/share/ur_calibration/local_setup.bash
[11.043s] -- Installing: /home/yide/ros2_tutorial_ws/install/ur_calibration/share/ur_calibration/local_setup.sh
[11.043s] -- Installing: /home/yide/ros2_tutorial_ws/install/ur_calibration/share/ur_calibration/local_setup.zsh
[11.043s] -- Installing: /home/yide/ros2_tutorial_ws/install/ur_calibration/share/ur_calibration/local_setup.dsv
[11.043s] -- Installing: /home/yide/ros2_tutorial_ws/install/ur_calibration/share/ur_calibration/package.dsv
[11.043s] -- Installing: /home/yide/ros2_tutorial_ws/install/ur_calibration/share/ament_index/resource_index/packages/ur_calibration
[11.043s] -- Installing: /home/yide/ros2_tutorial_ws/install/ur_calibration/share/ur_calibration/cmake/ament_cmake_export_include_directories-extras.cmake
[11.043s] -- Installing: /home/yide/ros2_tutorial_ws/install/ur_calibration/share/ur_calibration/cmake/ament_cmake_export_dependencies-extras.cmake
[11.043s] -- Installing: /home/yide/ros2_tutorial_ws/install/ur_calibration/share/ur_calibration/cmake/ur_calibrationConfig.cmake
[11.043s] -- Installing: /home/yide/ros2_tutorial_ws/install/ur_calibration/share/ur_calibration/cmake/ur_calibrationConfig-version.cmake
[11.043s] -- Installing: /home/yide/ros2_tutorial_ws/install/ur_calibration/share/ur_calibration/package.xml
[11.044s] Invoked command in '/home/yide/ros2_tutorial_ws/build/ur_calibration' returned '0': AMENT_PREFIX_PATH=/home/yide/ros2_tutorial_ws/install/ur_robot_driver:/home/yide/ros2_tutorial_ws/install/ur_controllers:/home/yide/ros2_tutorial_ws/install/ur_dashboard_msgs:${AMENT_PREFIX_PATH} CMAKE_PREFIX_PATH=/home/yide/ros2_tutorial_ws/install/ur_robot_driver:/home/yide/ros2_tutorial_ws/install/ur_controllers:/home/yide/ros2_tutorial_ws/install/ur_dashboard_msgs:/home/yide/Workspace/robotics-vision-simulation/ros2_ws/install/ur:/home/yide/Workspace/robotics-vision-simulation/ros2_ws/install/ur_calibration:/home/yide/Workspace/robotics-vision-simulation/ros2_ws/install/ur_robot_driver:/home/yide/Workspace/robotics-vision-simulation/ros2_ws/install/ur_moveit_config:/home/yide/Workspace/robotics-vision-simulation/ros2_ws/install/ur_bringup:/home/yide/Workspace/robotics-vision-simulation/ros2_ws/install/ur_controllers:/home/yide/Workspace/robotics-vision-simulation/ros2_ws/install/ur_dashboard_msgs:/home/yide/Workspace/robotics-vision-simulation/ros2_ws/install/robotics_vision_sim:/opt/ros/humble LD_LIBRARY_PATH=/home/yide/ros2_tutorial_ws/install/ur_robot_driver/lib:/home/yide/ros2_tutorial_ws/install/ur_controllers/lib:/home/yide/ros2_tutorial_ws/install/ur_dashboard_msgs/lib:/usr/local/cuda/lib64:/usr/local/cuda-11.8/lib64:/home/yide/Workspace/robotics-vision-simulation/ros2_ws/install/ur_robot_driver/lib:/home/yide/Workspace/robotics-vision-simulation/ros2_ws/install/ur_controllers/lib:/home/yide/Workspace/robotics-vision-simulation/ros2_ws/install/ur_dashboard_msgs/lib:/usr/lib/x86_64-linux-gnu/gazebo-11/plugins:/opt/ros/humble/opt/rviz_ogre_vendor/lib:/opt/ros/humble/lib/x86_64-linux-gnu:/opt/ros/humble/lib:/usr/local/cuda-11.8/lib64 PATH=/home/yide/ros2_tutorial_ws/install/ur_robot_driver/bin:${PATH} PS1=\[\e]0;\u@\h: \w\a\]${debian_chroot:+($debian_chroot)}\[\033[01;32m\]\u@\h\[\033[00m\]:\[\033[01;34m\]\w\[\033[00m\]\$ PYTHONPATH=/home/yide/ros2_tutorial_ws/install/ur_robot_driver/local/lib/python3.10/dist-packages:/home/yide/ros2_tutorial_ws/install/ur_dashboard_msgs/local/lib/python3.10/dist-packages:${PYTHONPATH} /usr/bin/cmake --install /home/yide/ros2_tutorial_ws/build/ur_calibration
